[2023-07-01 01:22:03,476] 	INFO 	22 	id_data.py 	<module>() 	ID Data Started
[2023-07-01 01:25:20,392] 	INFO 	77 	id_data.py 	<module>() 	ID Data Ended
[2023-07-01 03:03:44,403] 	INFO 	22 	id_data.py 	<module>() 	ID Data Started
[2023-07-01 03:07:57,914] 	INFO 	77 	id_data.py 	<module>() 	ID Data Ended
[2023-07-01 04:15:25,891] 	INFO 	22 	id_data.py 	<module>() 	ID Data Started
[2023-07-01 04:17:18,116] 	INFO 	77 	id_data.py 	<module>() 	ID Data Ended
[2023-07-01 05:12:02,628] 	INFO 	22 	id_data.py 	<module>() 	ID Data Started
[2023-07-01 05:13:09,573] 	INFO 	77 	id_data.py 	<module>() 	ID Data Ended
[2023-07-01 06:16:00,314] 	INFO 	22 	id_data.py 	<module>() 	ID Data Started
[2023-07-01 06:16:46,732] 	INFO 	77 	id_data.py 	<module>() 	ID Data Ended
[2023-07-01 07:11:19,990] 	INFO 	22 	id_data.py 	<module>() 	ID Data Started
[2023-07-01 07:14:34,639] 	INFO 	77 	id_data.py 	<module>() 	ID Data Ended
[2023-07-01 08:14:55,551] 	INFO 	22 	id_data.py 	<module>() 	ID Data Started
[2023-07-01 08:18:36,822] 	INFO 	77 	id_data.py 	<module>() 	ID Data Ended
[2023-07-01 09:11:51,063] 	INFO 	22 	id_data.py 	<module>() 	ID Data Started
[2023-07-01 09:16:50,256] 	INFO 	77 	id_data.py 	<module>() 	ID Data Ended
[2023-07-01 10:12:51,018] 	INFO 	22 	id_data.py 	<module>() 	ID Data Started
[2023-07-01 10:17:47,967] 	INFO 	77 	id_data.py 	<module>() 	ID Data Ended
[2023-07-01 11:10:09,868] 	INFO 	22 	id_data.py 	<module>() 	ID Data Started
[2023-07-01 11:13:26,140] 	INFO 	77 	id_data.py 	<module>() 	ID Data Ended
[2023-07-01 12:23:51,786] 	INFO 	22 	id_data.py 	<module>() 	ID Data Started
[2023-07-01 12:28:09,802] 	INFO 	77 	id_data.py 	<module>() 	ID Data Ended
[2023-07-01 13:16:42,024] 	INFO 	22 	id_data.py 	<module>() 	ID Data Started
[2023-07-01 13:20:57,507] 	INFO 	77 	id_data.py 	<module>() 	ID Data Ended
[2023-07-01 14:10:31,647] 	INFO 	22 	id_data.py 	<module>() 	ID Data Started
[2023-07-01 14:13:47,341] 	INFO 	77 	id_data.py 	<module>() 	ID Data Ended
[2023-07-01 15:12:00,626] 	INFO 	22 	id_data.py 	<module>() 	ID Data Started
[2023-07-01 15:15:12,533] 	INFO 	77 	id_data.py 	<module>() 	ID Data Ended
[2023-07-01 16:15:31,924] 	INFO 	22 	id_data.py 	<module>() 	ID Data Started
[2023-07-01 16:18:46,567] 	INFO 	77 	id_data.py 	<module>() 	ID Data Ended
[2023-07-01 17:10:51,857] 	INFO 	22 	id_data.py 	<module>() 	ID Data Started
[2023-07-01 17:15:07,071] 	INFO 	77 	id_data.py 	<module>() 	ID Data Ended
[2023-07-01 18:14:51,330] 	INFO 	22 	id_data.py 	<module>() 	ID Data Started
[2023-07-01 18:18:02,527] 	INFO 	77 	id_data.py 	<module>() 	ID Data Ended
[2023-07-01 19:09:44,144] 	INFO 	22 	id_data.py 	<module>() 	ID Data Started
[2023-07-01 19:13:25,235] 	INFO 	77 	id_data.py 	<module>() 	ID Data Ended
[2023-07-01 20:12:45,996] 	INFO 	22 	id_data.py 	<module>() 	ID Data Started
[2023-07-01 20:14:43,428] 	ERROR 	79 	id_data.py 	<module>() 	Error occurred during ID Data process. Error: HTTPSConnectionPool(host='endpoints.omniatech.io', port=443): Max retries exceeded with url: /v1/arbitrum/one/public (Caused by NewConnectionError('<urllib3.connection.HTTPSConnection object at 0x7fc5fbbd3910>: Failed to establish a new connection: [Errno 111] Connection refused'))
[2023-07-01 21:10:35,488] 	INFO 	22 	id_data.py 	<module>() 	ID Data Started
[2023-07-01 21:13:46,844] 	INFO 	77 	id_data.py 	<module>() 	ID Data Ended
[2023-07-01 22:11:26,161] 	INFO 	22 	id_data.py 	<module>() 	ID Data Started
[2023-07-01 22:14:57,456] 	INFO 	77 	id_data.py 	<module>() 	ID Data Ended
[2023-07-01 23:11:56,867] 	INFO 	22 	id_data.py 	<module>() 	ID Data Started
[2023-07-01 23:15:38,229] 	INFO 	77 	id_data.py 	<module>() 	ID Data Ended
[2023-07-02 01:19:56,545] 	INFO 	22 	id_data.py 	<module>() 	ID Data Started
[2023-07-02 01:24:10,195] 	INFO 	77 	id_data.py 	<module>() 	ID Data Ended
[2023-07-02 03:00:07,609] 	INFO 	22 	id_data.py 	<module>() 	ID Data Started
[2023-07-02 03:03:22,208] 	INFO 	77 	id_data.py 	<module>() 	ID Data Ended
[2023-07-02 03:29:42,700] 	INFO 	22 	id_data.py 	<module>() 	ID Data Started
[2023-07-02 03:32:58,732] 	INFO 	77 	id_data.py 	<module>() 	ID Data Ended
[2023-07-02 04:14:53,084] 	INFO 	22 	id_data.py 	<module>() 	ID Data Started
[2023-07-02 04:18:03,975] 	INFO 	77 	id_data.py 	<module>() 	ID Data Ended
[2023-07-02 05:12:04,263] 	INFO 	22 	id_data.py 	<module>() 	ID Data Started
[2023-07-02 05:16:21,743] 	INFO 	77 	id_data.py 	<module>() 	ID Data Ended
[2023-07-02 06:15:45,544] 	INFO 	22 	id_data.py 	<module>() 	ID Data Started
[2023-07-02 06:20:00,060] 	INFO 	77 	id_data.py 	<module>() 	ID Data Ended
[2023-07-02 07:11:32,803] 	INFO 	22 	id_data.py 	<module>() 	ID Data Started
[2023-07-02 07:15:33,264] 	INFO 	77 	id_data.py 	<module>() 	ID Data Ended
[2023-07-02 08:15:48,007] 	INFO 	22 	id_data.py 	<module>() 	ID Data Started
[2023-07-02 08:21:01,211] 	INFO 	77 	id_data.py 	<module>() 	ID Data Ended
[2023-07-02 09:11:35,639] 	INFO 	22 	id_data.py 	<module>() 	ID Data Started
[2023-07-02 09:15:50,499] 	INFO 	77 	id_data.py 	<module>() 	ID Data Ended
[2023-07-02 10:12:44,003] 	INFO 	22 	id_data.py 	<module>() 	ID Data Started
[2023-07-02 10:17:00,804] 	INFO 	77 	id_data.py 	<module>() 	ID Data Ended
[2023-07-02 11:10:26,934] 	INFO 	22 	id_data.py 	<module>() 	ID Data Started
[2023-07-02 11:14:42,315] 	INFO 	77 	id_data.py 	<module>() 	ID Data Ended
[2023-07-02 12:24:00,436] 	INFO 	22 	id_data.py 	<module>() 	ID Data Started
[2023-07-02 12:27:12,142] 	INFO 	77 	id_data.py 	<module>() 	ID Data Ended
[2023-07-02 13:16:15,737] 	INFO 	22 	id_data.py 	<module>() 	ID Data Started
[2023-07-02 13:19:31,955] 	INFO 	77 	id_data.py 	<module>() 	ID Data Ended
[2023-07-02 14:10:56,481] 	INFO 	22 	id_data.py 	<module>() 	ID Data Started
[2023-07-02 14:14:37,482] 	INFO 	77 	id_data.py 	<module>() 	ID Data Ended
[2023-07-02 15:12:00,945] 	INFO 	22 	id_data.py 	<module>() 	ID Data Started
[2023-07-02 15:15:12,819] 	INFO 	77 	id_data.py 	<module>() 	ID Data Ended
[2023-07-02 16:15:37,746] 	INFO 	22 	id_data.py 	<module>() 	ID Data Started
[2023-07-02 16:18:50,628] 	INFO 	77 	id_data.py 	<module>() 	ID Data Ended
[2023-07-02 17:10:49,867] 	INFO 	22 	id_data.py 	<module>() 	ID Data Started
[2023-07-02 17:14:03,983] 	INFO 	77 	id_data.py 	<module>() 	ID Data Ended
[2023-07-02 18:15:06,731] 	INFO 	22 	id_data.py 	<module>() 	ID Data Started
[2023-07-02 18:15:47,508] 	ERROR 	79 	id_data.py 	<module>() 	Error occurred during ID Data process. Error: 429 Client Error: Too Many Requests for url: https://endpoints.omniatech.io/v1/arbitrum/one/public
[2023-07-02 19:10:12,040] 	INFO 	22 	id_data.py 	<module>() 	ID Data Started
[2023-07-02 19:13:23,202] 	INFO 	77 	id_data.py 	<module>() 	ID Data Ended
[2023-07-02 20:12:43,582] 	INFO 	22 	id_data.py 	<module>() 	ID Data Started
[2023-07-02 20:16:24,929] 	INFO 	77 	id_data.py 	<module>() 	ID Data Ended
[2023-07-02 21:10:44,349] 	INFO 	22 	id_data.py 	<module>() 	ID Data Started
[2023-07-02 21:16:43,013] 	INFO 	77 	id_data.py 	<module>() 	ID Data Ended
[2023-07-02 22:11:31,012] 	INFO 	22 	id_data.py 	<module>() 	ID Data Started
[2023-07-02 22:14:43,786] 	INFO 	77 	id_data.py 	<module>() 	ID Data Ended
[2023-07-02 23:12:31,695] 	INFO 	22 	id_data.py 	<module>() 	ID Data Started
[2023-07-02 23:17:47,244] 	INFO 	77 	id_data.py 	<module>() 	ID Data Ended
[2023-07-03 01:17:52,198] 	INFO 	22 	id_data.py 	<module>() 	ID Data Started
[2023-07-03 01:18:50,309] 	INFO 	77 	id_data.py 	<module>() 	ID Data Ended
[2023-07-03 02:55:12,147] 	INFO 	22 	id_data.py 	<module>() 	ID Data Started
[2023-07-03 02:58:56,288] 	INFO 	77 	id_data.py 	<module>() 	ID Data Ended
[2023-07-03 03:23:20,679] 	INFO 	22 	id_data.py 	<module>() 	ID Data Started
[2023-07-03 03:27:04,518] 	INFO 	77 	id_data.py 	<module>() 	ID Data Ended
[2023-07-03 04:15:56,787] 	INFO 	22 	id_data.py 	<module>() 	ID Data Started
[2023-07-03 04:20:14,033] 	INFO 	77 	id_data.py 	<module>() 	ID Data Ended
[2023-07-03 05:13:06,422] 	INFO 	22 	id_data.py 	<module>() 	ID Data Started
[2023-07-03 05:19:06,965] 	INFO 	77 	id_data.py 	<module>() 	ID Data Ended
[2023-07-03 06:17:20,086] 	INFO 	22 	id_data.py 	<module>() 	ID Data Started
[2023-07-03 06:20:34,608] 	INFO 	77 	id_data.py 	<module>() 	ID Data Ended
[2023-07-03 07:12:38,956] 	INFO 	22 	id_data.py 	<module>() 	ID Data Started
[2023-07-03 07:15:49,527] 	INFO 	77 	id_data.py 	<module>() 	ID Data Ended
[2023-07-03 08:16:55,510] 	INFO 	22 	id_data.py 	<module>() 	ID Data Started
[2023-07-03 08:20:39,612] 	INFO 	77 	id_data.py 	<module>() 	ID Data Ended
[2023-07-03 09:13:36,575] 	INFO 	22 	id_data.py 	<module>() 	ID Data Started
[2023-07-03 09:15:28,134] 	INFO 	77 	id_data.py 	<module>() 	ID Data Ended
[2023-07-03 10:13:57,442] 	INFO 	22 	id_data.py 	<module>() 	ID Data Started
[2023-07-03 10:17:30,464] 	INFO 	77 	id_data.py 	<module>() 	ID Data Ended
[2023-07-03 11:10:49,236] 	INFO 	22 	id_data.py 	<module>() 	ID Data Started
[2023-07-03 11:14:00,719] 	INFO 	77 	id_data.py 	<module>() 	ID Data Ended
[2023-07-03 12:28:02,863] 	INFO 	22 	id_data.py 	<module>() 	ID Data Started
[2023-07-03 12:31:19,196] 	INFO 	77 	id_data.py 	<module>() 	ID Data Ended
[2023-07-03 13:22:58,373] 	INFO 	22 	id_data.py 	<module>() 	ID Data Started
[2023-07-03 13:26:40,585] 	INFO 	77 	id_data.py 	<module>() 	ID Data Ended
[2023-07-03 14:11:55,616] 	INFO 	22 	id_data.py 	<module>() 	ID Data Started
[2023-07-03 14:15:11,066] 	INFO 	77 	id_data.py 	<module>() 	ID Data Ended
[2023-07-03 15:12:56,539] 	INFO 	22 	id_data.py 	<module>() 	ID Data Started
[2023-07-03 15:16:10,886] 	INFO 	77 	id_data.py 	<module>() 	ID Data Ended
[2023-07-03 16:16:27,974] 	INFO 	22 	id_data.py 	<module>() 	ID Data Started
[2023-07-03 16:19:43,178] 	INFO 	77 	id_data.py 	<module>() 	ID Data Ended
[2023-07-03 17:11:16,578] 	INFO 	22 	id_data.py 	<module>() 	ID Data Started
[2023-07-03 17:15:32,648] 	INFO 	77 	id_data.py 	<module>() 	ID Data Ended
[2023-07-03 18:15:52,053] 	INFO 	22 	id_data.py 	<module>() 	ID Data Started
[2023-07-03 18:21:57,962] 	INFO 	77 	id_data.py 	<module>() 	ID Data Ended
[2023-07-03 19:10:47,149] 	INFO 	22 	id_data.py 	<module>() 	ID Data Started
[2023-07-03 19:14:19,887] 	INFO 	77 	id_data.py 	<module>() 	ID Data Ended
[2023-07-03 20:14:02,190] 	INFO 	22 	id_data.py 	<module>() 	ID Data Started
[2023-07-03 20:17:13,137] 	INFO 	77 	id_data.py 	<module>() 	ID Data Ended
[2023-07-03 21:11:42,796] 	INFO 	22 	id_data.py 	<module>() 	ID Data Started
[2023-07-03 21:14:56,676] 	INFO 	77 	id_data.py 	<module>() 	ID Data Ended
[2023-07-03 22:12:36,744] 	INFO 	22 	id_data.py 	<module>() 	ID Data Started
[2023-07-03 22:15:48,812] 	INFO 	77 	id_data.py 	<module>() 	ID Data Ended
[2023-07-03 23:13:58,833] 	INFO 	22 	id_data.py 	<module>() 	ID Data Started
[2023-07-03 23:17:42,928] 	INFO 	77 	id_data.py 	<module>() 	ID Data Ended
[2023-07-04 01:16:46,187] 	INFO 	22 	id_data.py 	<module>() 	ID Data Started
[2023-07-04 01:20:19,941] 	INFO 	77 	id_data.py 	<module>() 	ID Data Ended
[2023-07-04 02:57:16,036] 	INFO 	22 	id_data.py 	<module>() 	ID Data Started
[2023-07-04 03:02:12,020] 	INFO 	77 	id_data.py 	<module>() 	ID Data Ended
[2023-07-04 03:28:08,880] 	INFO 	22 	id_data.py 	<module>() 	ID Data Started
[2023-07-04 03:31:24,697] 	INFO 	77 	id_data.py 	<module>() 	ID Data Ended
[2023-07-04 04:16:30,493] 	INFO 	22 	id_data.py 	<module>() 	ID Data Started
[2023-07-04 04:22:28,499] 	INFO 	77 	id_data.py 	<module>() 	ID Data Ended
[2023-07-04 05:13:12,910] 	INFO 	22 	id_data.py 	<module>() 	ID Data Started
[2023-07-04 05:16:22,181] 	INFO 	77 	id_data.py 	<module>() 	ID Data Ended
[2023-07-04 06:18:16,615] 	INFO 	22 	id_data.py 	<module>() 	ID Data Started
[2023-07-04 06:22:30,295] 	INFO 	77 	id_data.py 	<module>() 	ID Data Ended
[2023-07-04 07:12:42,047] 	INFO 	22 	id_data.py 	<module>() 	ID Data Started
[2023-07-04 07:15:55,122] 	INFO 	77 	id_data.py 	<module>() 	ID Data Ended
[2023-07-04 08:17:09,169] 	INFO 	22 	id_data.py 	<module>() 	ID Data Started
[2023-07-04 08:20:23,905] 	INFO 	77 	id_data.py 	<module>() 	ID Data Ended
[2023-07-04 09:13:31,586] 	INFO 	22 	id_data.py 	<module>() 	ID Data Started
[2023-07-04 09:18:34,102] 	INFO 	77 	id_data.py 	<module>() 	ID Data Ended
[2023-07-04 10:15:21,769] 	INFO 	22 	id_data.py 	<module>() 	ID Data Started
[2023-07-04 10:19:11,936] 	INFO 	77 	id_data.py 	<module>() 	ID Data Ended
[2023-07-04 11:11:04,490] 	INFO 	22 	id_data.py 	<module>() 	ID Data Started
[2023-07-04 11:14:18,080] 	INFO 	77 	id_data.py 	<module>() 	ID Data Ended
[2023-07-04 12:27:29,936] 	INFO 	22 	id_data.py 	<module>() 	ID Data Started
[2023-07-04 12:30:40,430] 	INFO 	77 	id_data.py 	<module>() 	ID Data Ended
[2023-07-04 13:23:14,759] 	INFO 	22 	id_data.py 	<module>() 	ID Data Started
[2023-07-04 13:26:26,432] 	INFO 	77 	id_data.py 	<module>() 	ID Data Ended
[2023-07-04 14:12:21,582] 	INFO 	22 	id_data.py 	<module>() 	ID Data Started
[2023-07-04 14:16:03,218] 	INFO 	77 	id_data.py 	<module>() 	ID Data Ended
[2023-07-04 15:13:44,526] 	INFO 	22 	id_data.py 	<module>() 	ID Data Started
[2023-07-04 15:16:57,472] 	INFO 	77 	id_data.py 	<module>() 	ID Data Ended
[2023-07-04 16:17:37,913] 	INFO 	22 	id_data.py 	<module>() 	ID Data Started
[2023-07-04 16:21:20,095] 	INFO 	77 	id_data.py 	<module>() 	ID Data Ended
[2023-07-04 17:11:56,344] 	INFO 	22 	id_data.py 	<module>() 	ID Data Started
[2023-07-04 17:12:45,801] 	INFO 	77 	id_data.py 	<module>() 	ID Data Ended
[2023-07-04 18:16:54,343] 	INFO 	22 	id_data.py 	<module>() 	ID Data Started
[2023-07-04 18:20:07,875] 	INFO 	77 	id_data.py 	<module>() 	ID Data Ended
[2023-07-04 19:10:36,238] 	INFO 	22 	id_data.py 	<module>() 	ID Data Started
[2023-07-04 19:13:50,736] 	INFO 	77 	id_data.py 	<module>() 	ID Data Ended
[2023-07-04 20:14:07,847] 	INFO 	22 	id_data.py 	<module>() 	ID Data Started
[2023-07-04 20:17:21,070] 	INFO 	77 	id_data.py 	<module>() 	ID Data Ended
[2023-07-04 21:11:44,183] 	INFO 	22 	id_data.py 	<module>() 	ID Data Started
[2023-07-04 21:14:57,146] 	INFO 	77 	id_data.py 	<module>() 	ID Data Ended
[2023-07-04 22:12:27,192] 	INFO 	22 	id_data.py 	<module>() 	ID Data Started
[2023-07-04 22:15:42,169] 	INFO 	77 	id_data.py 	<module>() 	ID Data Ended
[2023-07-04 23:13:12,351] 	INFO 	22 	id_data.py 	<module>() 	ID Data Started
[2023-07-04 23:16:26,023] 	INFO 	77 	id_data.py 	<module>() 	ID Data Ended
[2023-07-05 01:17:32,858] 	INFO 	22 	id_data.py 	<module>() 	ID Data Started
[2023-07-05 01:21:04,189] 	INFO 	77 	id_data.py 	<module>() 	ID Data Ended
[2023-07-05 02:56:33,047] 	INFO 	22 	id_data.py 	<module>() 	ID Data Started
[2023-07-05 03:00:15,775] 	INFO 	77 	id_data.py 	<module>() 	ID Data Ended
[2023-07-05 03:27:04,173] 	INFO 	22 	id_data.py 	<module>() 	ID Data Started
[2023-07-05 03:30:44,640] 	INFO 	77 	id_data.py 	<module>() 	ID Data Ended
[2023-07-05 04:16:54,073] 	INFO 	22 	id_data.py 	<module>() 	ID Data Started
[2023-07-05 04:20:08,762] 	INFO 	77 	id_data.py 	<module>() 	ID Data Ended
[2023-07-05 05:13:34,767] 	INFO 	22 	id_data.py 	<module>() 	ID Data Started
[2023-07-05 05:18:33,382] 	INFO 	77 	id_data.py 	<module>() 	ID Data Ended
[2023-07-05 06:18:25,995] 	INFO 	22 	id_data.py 	<module>() 	ID Data Started
[2023-07-05 06:21:39,353] 	INFO 	77 	id_data.py 	<module>() 	ID Data Ended
[2023-07-05 07:12:59,674] 	INFO 	22 	id_data.py 	<module>() 	ID Data Started
[2023-07-05 07:17:15,873] 	INFO 	77 	id_data.py 	<module>() 	ID Data Ended
[2023-07-05 08:18:04,865] 	INFO 	22 	id_data.py 	<module>() 	ID Data Started
[2023-07-05 08:21:48,151] 	INFO 	77 	id_data.py 	<module>() 	ID Data Ended
[2023-07-05 09:14:04,036] 	INFO 	22 	id_data.py 	<module>() 	ID Data Started
[2023-07-05 09:17:15,595] 	INFO 	77 	id_data.py 	<module>() 	ID Data Ended
[2023-07-05 10:15:04,805] 	INFO 	22 	id_data.py 	<module>() 	ID Data Started
[2023-07-05 10:18:14,485] 	INFO 	77 	id_data.py 	<module>() 	ID Data Ended
[2023-07-05 11:11:45,218] 	INFO 	22 	id_data.py 	<module>() 	ID Data Started
[2023-07-05 11:15:25,623] 	INFO 	77 	id_data.py 	<module>() 	ID Data Ended
[2023-07-05 12:29:25,528] 	INFO 	22 	id_data.py 	<module>() 	ID Data Started
[2023-07-05 12:32:38,779] 	INFO 	77 	id_data.py 	<module>() 	ID Data Ended
[2023-07-05 13:25:18,137] 	INFO 	22 	id_data.py 	<module>() 	ID Data Started
[2023-07-05 13:30:15,625] 	INFO 	77 	id_data.py 	<module>() 	ID Data Ended
[2023-07-05 14:13:19,156] 	INFO 	22 	id_data.py 	<module>() 	ID Data Started
[2023-07-05 14:16:31,478] 	INFO 	77 	id_data.py 	<module>() 	ID Data Ended
[2023-07-05 15:14:17,537] 	INFO 	22 	id_data.py 	<module>() 	ID Data Started
[2023-07-05 15:18:33,498] 	INFO 	77 	id_data.py 	<module>() 	ID Data Ended
[2023-07-05 16:18:33,750] 	INFO 	22 	id_data.py 	<module>() 	ID Data Started
[2023-07-05 16:21:47,085] 	INFO 	77 	id_data.py 	<module>() 	ID Data Ended
[2023-07-05 17:12:33,922] 	INFO 	22 	id_data.py 	<module>() 	ID Data Started
[2023-07-05 17:16:03,969] 	INFO 	77 	id_data.py 	<module>() 	ID Data Ended
[2023-07-05 18:17:05,814] 	INFO 	22 	id_data.py 	<module>() 	ID Data Started
[2023-07-05 18:20:20,054] 	INFO 	77 	id_data.py 	<module>() 	ID Data Ended
[2023-07-05 19:11:10,163] 	INFO 	22 	id_data.py 	<module>() 	ID Data Started
[2023-07-05 19:14:24,899] 	INFO 	77 	id_data.py 	<module>() 	ID Data Ended
[2023-07-05 20:14:22,856] 	INFO 	22 	id_data.py 	<module>() 	ID Data Started
[2023-07-05 20:17:36,532] 	INFO 	77 	id_data.py 	<module>() 	ID Data Ended
[2023-07-05 21:12:14,486] 	INFO 	22 	id_data.py 	<module>() 	ID Data Started
[2023-07-05 21:15:24,212] 	INFO 	77 	id_data.py 	<module>() 	ID Data Ended
[2023-07-05 22:13:12,603] 	INFO 	22 	id_data.py 	<module>() 	ID Data Started
[2023-07-05 22:18:35,769] 	INFO 	77 	id_data.py 	<module>() 	ID Data Ended
[2023-07-05 23:13:34,120] 	INFO 	22 	id_data.py 	<module>() 	ID Data Started
[2023-07-05 23:17:49,432] 	INFO 	77 	id_data.py 	<module>() 	ID Data Ended
[2023-07-06 01:18:02,738] 	INFO 	22 	id_data.py 	<module>() 	ID Data Started
[2023-07-06 01:21:16,330] 	INFO 	77 	id_data.py 	<module>() 	ID Data Ended
[2023-07-06 02:58:17,954] 	INFO 	22 	id_data.py 	<module>() 	ID Data Started
[2023-07-06 03:02:33,941] 	INFO 	77 	id_data.py 	<module>() 	ID Data Ended
[2023-07-06 03:30:28,178] 	INFO 	22 	id_data.py 	<module>() 	ID Data Started
[2023-07-06 03:34:02,924] 	INFO 	77 	id_data.py 	<module>() 	ID Data Ended
[2023-07-06 04:16:50,911] 	INFO 	22 	id_data.py 	<module>() 	ID Data Started
[2023-07-06 04:20:01,412] 	INFO 	77 	id_data.py 	<module>() 	ID Data Ended
[2023-07-06 05:13:41,693] 	INFO 	22 	id_data.py 	<module>() 	ID Data Started
[2023-07-06 05:17:22,568] 	INFO 	77 	id_data.py 	<module>() 	ID Data Ended
[2023-07-06 06:17:59,334] 	INFO 	22 	id_data.py 	<module>() 	ID Data Started
[2023-07-06 06:21:12,013] 	INFO 	77 	id_data.py 	<module>() 	ID Data Ended
[2023-07-06 07:12:58,041] 	INFO 	22 	id_data.py 	<module>() 	ID Data Started
[2023-07-06 07:16:40,566] 	INFO 	77 	id_data.py 	<module>() 	ID Data Ended
[2023-07-06 08:18:11,806] 	INFO 	22 	id_data.py 	<module>() 	ID Data Started
[2023-07-06 08:21:54,565] 	INFO 	77 	id_data.py 	<module>() 	ID Data Ended
[2023-07-06 09:14:06,689] 	INFO 	22 	id_data.py 	<module>() 	ID Data Started
[2023-07-06 09:19:34,918] 	INFO 	77 	id_data.py 	<module>() 	ID Data Ended
[2023-07-06 10:14:55,588] 	INFO 	22 	id_data.py 	<module>() 	ID Data Started
[2023-07-06 10:18:11,294] 	INFO 	77 	id_data.py 	<module>() 	ID Data Ended
[2023-07-06 11:11:44,173] 	INFO 	22 	id_data.py 	<module>() 	ID Data Started
[2023-07-06 11:14:59,575] 	INFO 	77 	id_data.py 	<module>() 	ID Data Ended
[2023-07-06 12:28:39,346] 	INFO 	22 	id_data.py 	<module>() 	ID Data Started
[2023-07-06 12:34:06,623] 	INFO 	77 	id_data.py 	<module>() 	ID Data Ended
[2023-07-06 13:29:38,225] 	INFO 	22 	id_data.py 	<module>() 	ID Data Started
[2023-07-06 13:34:37,881] 	INFO 	77 	id_data.py 	<module>() 	ID Data Ended
[2023-07-06 14:13:02,423] 	INFO 	22 	id_data.py 	<module>() 	ID Data Started
[2023-07-06 14:14:23,822] 	INFO 	77 	id_data.py 	<module>() 	ID Data Ended
[2023-07-06 15:14:48,548] 	INFO 	22 	id_data.py 	<module>() 	ID Data Started
[2023-07-06 15:18:02,561] 	INFO 	77 	id_data.py 	<module>() 	ID Data Ended
[2023-07-06 16:18:07,498] 	INFO 	22 	id_data.py 	<module>() 	ID Data Started
[2023-07-06 16:21:40,569] 	INFO 	77 	id_data.py 	<module>() 	ID Data Ended
[2023-07-06 17:12:31,540] 	INFO 	22 	id_data.py 	<module>() 	ID Data Started
[2023-07-06 17:14:02,193] 	INFO 	77 	id_data.py 	<module>() 	ID Data Ended
[2023-07-06 18:16:02,262] 	INFO 	22 	id_data.py 	<module>() 	ID Data Started
[2023-07-06 18:19:18,057] 	INFO 	77 	id_data.py 	<module>() 	ID Data Ended
[2023-07-06 19:10:30,801] 	INFO 	22 	id_data.py 	<module>() 	ID Data Started
[2023-07-06 19:14:29,616] 	INFO 	77 	id_data.py 	<module>() 	ID Data Ended
[2023-07-06 20:13:34,587] 	INFO 	22 	id_data.py 	<module>() 	ID Data Started
[2023-07-06 20:16:49,794] 	INFO 	77 	id_data.py 	<module>() 	ID Data Ended
[2023-07-06 21:12:07,447] 	INFO 	22 	id_data.py 	<module>() 	ID Data Started
[2023-07-06 21:16:24,377] 	INFO 	77 	id_data.py 	<module>() 	ID Data Ended
[2023-07-06 22:12:15,310] 	INFO 	22 	id_data.py 	<module>() 	ID Data Started
[2023-07-06 22:15:56,252] 	INFO 	77 	id_data.py 	<module>() 	ID Data Ended
[2023-07-06 23:13:35,536] 	INFO 	22 	id_data.py 	<module>() 	ID Data Started
[2023-07-06 23:14:28,987] 	INFO 	77 	id_data.py 	<module>() 	ID Data Ended
[2023-07-07 01:18:43,493] 	INFO 	22 	id_data.py 	<module>() 	ID Data Started
[2023-07-07 01:24:30,489] 	INFO 	77 	id_data.py 	<module>() 	ID Data Ended
[2023-07-07 02:55:21,502] 	INFO 	22 	id_data.py 	<module>() 	ID Data Started
[2023-07-07 02:58:35,906] 	INFO 	77 	id_data.py 	<module>() 	ID Data Ended
[2023-07-07 03:24:38,850] 	INFO 	22 	id_data.py 	<module>() 	ID Data Started
[2023-07-07 03:27:58,714] 	INFO 	77 	id_data.py 	<module>() 	ID Data Ended
[2023-07-07 04:15:58,333] 	INFO 	22 	id_data.py 	<module>() 	ID Data Started
[2023-07-07 04:22:04,943] 	INFO 	77 	id_data.py 	<module>() 	ID Data Ended
[2023-07-07 05:12:52,224] 	INFO 	22 	id_data.py 	<module>() 	ID Data Started
[2023-07-07 05:18:54,346] 	INFO 	77 	id_data.py 	<module>() 	ID Data Ended
[2023-07-07 06:18:01,858] 	INFO 	22 	id_data.py 	<module>() 	ID Data Started
[2023-07-07 06:21:19,992] 	INFO 	77 	id_data.py 	<module>() 	ID Data Ended
[2023-07-07 07:12:18,222] 	INFO 	22 	id_data.py 	<module>() 	ID Data Started
[2023-07-07 07:13:53,371] 	INFO 	77 	id_data.py 	<module>() 	ID Data Ended
[2023-07-07 08:16:49,825] 	INFO 	22 	id_data.py 	<module>() 	ID Data Started
[2023-07-07 08:20:08,434] 	INFO 	77 	id_data.py 	<module>() 	ID Data Ended
[2023-07-07 09:13:04,609] 	INFO 	22 	id_data.py 	<module>() 	ID Data Started
[2023-07-07 09:16:19,309] 	INFO 	77 	id_data.py 	<module>() 	ID Data Ended
[2023-07-07 10:14:08,428] 	INFO 	22 	id_data.py 	<module>() 	ID Data Started
[2023-07-07 10:18:26,057] 	INFO 	77 	id_data.py 	<module>() 	ID Data Ended
[2023-07-07 11:10:54,261] 	INFO 	22 	id_data.py 	<module>() 	ID Data Started
[2023-07-07 11:16:58,848] 	INFO 	77 	id_data.py 	<module>() 	ID Data Ended
[2023-07-07 12:27:05,893] 	INFO 	22 	id_data.py 	<module>() 	ID Data Started
[2023-07-07 12:31:24,349] 	INFO 	77 	id_data.py 	<module>() 	ID Data Ended
[2023-07-07 13:21:03,237] 	INFO 	22 	id_data.py 	<module>() 	ID Data Started
[2023-07-07 13:25:06,442] 	INFO 	77 	id_data.py 	<module>() 	ID Data Ended
[2023-07-07 14:12:23,175] 	INFO 	22 	id_data.py 	<module>() 	ID Data Started
[2023-07-07 14:18:32,924] 	INFO 	77 	id_data.py 	<module>() 	ID Data Ended
[2023-07-07 15:13:18,595] 	INFO 	22 	id_data.py 	<module>() 	ID Data Started
[2023-07-07 15:14:34,111] 	INFO 	77 	id_data.py 	<module>() 	ID Data Ended
[2023-07-07 16:16:58,578] 	INFO 	22 	id_data.py 	<module>() 	ID Data Started
[2023-07-07 16:20:45,192] 	INFO 	77 	id_data.py 	<module>() 	ID Data Ended
[2023-07-07 17:11:48,844] 	INFO 	22 	id_data.py 	<module>() 	ID Data Started
[2023-07-07 17:15:02,187] 	INFO 	77 	id_data.py 	<module>() 	ID Data Ended
[2023-07-07 18:16:02,762] 	INFO 	22 	id_data.py 	<module>() 	ID Data Started
[2023-07-07 18:19:48,676] 	INFO 	77 	id_data.py 	<module>() 	ID Data Ended
[2023-07-07 19:09:40,819] 	INFO 	22 	id_data.py 	<module>() 	ID Data Started
[2023-07-07 19:14:35,566] 	INFO 	77 	id_data.py 	<module>() 	ID Data Ended
[2023-07-07 20:13:27,788] 	INFO 	22 	id_data.py 	<module>() 	ID Data Started
[2023-07-07 20:17:44,960] 	INFO 	77 	id_data.py 	<module>() 	ID Data Ended
[2023-07-07 21:11:25,401] 	INFO 	22 	id_data.py 	<module>() 	ID Data Started
[2023-07-07 21:15:24,785] 	INFO 	77 	id_data.py 	<module>() 	ID Data Ended
[2023-07-07 22:12:21,562] 	INFO 	22 	id_data.py 	<module>() 	ID Data Started
[2023-07-07 22:18:21,624] 	INFO 	77 	id_data.py 	<module>() 	ID Data Ended
[2023-07-07 23:12:45,539] 	INFO 	22 	id_data.py 	<module>() 	ID Data Started
[2023-07-07 23:15:59,246] 	INFO 	77 	id_data.py 	<module>() 	ID Data Ended
[2023-07-08 01:17:19,996] 	INFO 	22 	id_data.py 	<module>() 	ID Data Started
[2023-07-08 01:21:35,597] 	INFO 	77 	id_data.py 	<module>() 	ID Data Ended
[2023-07-08 02:56:00,065] 	INFO 	22 	id_data.py 	<module>() 	ID Data Started
[2023-07-08 03:00:17,218] 	INFO 	77 	id_data.py 	<module>() 	ID Data Ended
[2023-07-08 03:26:43,527] 	INFO 	22 	id_data.py 	<module>() 	ID Data Started
[2023-07-08 03:28:34,209] 	INFO 	77 	id_data.py 	<module>() 	ID Data Ended
[2023-07-08 04:15:27,505] 	INFO 	22 	id_data.py 	<module>() 	ID Data Started
[2023-07-08 04:16:16,340] 	INFO 	77 	id_data.py 	<module>() 	ID Data Ended
[2023-07-08 05:11:50,749] 	INFO 	22 	id_data.py 	<module>() 	ID Data Started
[2023-07-08 05:15:06,371] 	INFO 	77 	id_data.py 	<module>() 	ID Data Ended
[2023-07-08 06:15:46,084] 	INFO 	22 	id_data.py 	<module>() 	ID Data Started
[2023-07-08 06:19:27,535] 	INFO 	77 	id_data.py 	<module>() 	ID Data Ended
[2023-07-08 07:11:12,007] 	INFO 	22 	id_data.py 	<module>() 	ID Data Started
[2023-07-08 07:12:33,509] 	INFO 	77 	id_data.py 	<module>() 	ID Data Ended
[2023-07-08 08:15:13,674] 	INFO 	22 	id_data.py 	<module>() 	ID Data Started
[2023-07-08 08:18:29,510] 	INFO 	77 	id_data.py 	<module>() 	ID Data Ended
[2023-07-08 09:11:39,269] 	INFO 	22 	id_data.py 	<module>() 	ID Data Started
[2023-07-08 09:15:20,712] 	INFO 	77 	id_data.py 	<module>() 	ID Data Ended
[2023-07-08 10:12:55,378] 	INFO 	22 	id_data.py 	<module>() 	ID Data Started
[2023-07-08 10:16:10,863] 	INFO 	77 	id_data.py 	<module>() 	ID Data Ended
[2023-07-08 11:09:58,203] 	INFO 	22 	id_data.py 	<module>() 	ID Data Started
[2023-07-08 11:13:09,442] 	INFO 	77 	id_data.py 	<module>() 	ID Data Ended
[2023-07-08 12:24:12,835] 	INFO 	22 	id_data.py 	<module>() 	ID Data Started
[2023-07-08 12:28:30,139] 	INFO 	77 	id_data.py 	<module>() 	ID Data Ended
[2023-07-08 13:17:18,059] 	INFO 	22 	id_data.py 	<module>() 	ID Data Started
[2023-07-08 13:17:45,517] 	ERROR 	79 	id_data.py 	<module>() 	Error occurred during ID Data process. Error: HTTPSConnectionPool(host='endpoints.omniatech.io', port=443): Max retries exceeded with url: /v1/arbitrum/one/public (Caused by NewConnectionError('<urllib3.connection.HTTPSConnection object at 0x7fd4666e7f10>: Failed to establish a new connection: [Errno 111] Connection refused'))
[2023-07-08 14:10:57,397] 	INFO 	22 	id_data.py 	<module>() 	ID Data Started
[2023-07-08 14:16:20,240] 	INFO 	77 	id_data.py 	<module>() 	ID Data Ended
[2023-07-08 15:11:57,880] 	INFO 	22 	id_data.py 	<module>() 	ID Data Started
[2023-07-08 15:15:12,320] 	INFO 	77 	id_data.py 	<module>() 	ID Data Ended
[2023-07-08 16:15:22,293] 	INFO 	22 	id_data.py 	<module>() 	ID Data Started
[2023-07-08 16:19:05,408] 	INFO 	77 	id_data.py 	<module>() 	ID Data Ended
[2023-07-08 17:10:48,046] 	INFO 	22 	id_data.py 	<module>() 	ID Data Started
[2023-07-08 17:14:23,955] 	INFO 	77 	id_data.py 	<module>() 	ID Data Ended
[2023-07-08 18:15:06,383] 	INFO 	22 	id_data.py 	<module>() 	ID Data Started
[2023-07-08 18:16:07,046] 	INFO 	77 	id_data.py 	<module>() 	ID Data Ended
[2023-07-08 19:09:42,469] 	INFO 	22 	id_data.py 	<module>() 	ID Data Started
[2023-07-08 19:15:54,905] 	INFO 	77 	id_data.py 	<module>() 	ID Data Ended
[2023-07-08 20:12:41,368] 	INFO 	22 	id_data.py 	<module>() 	ID Data Started
[2023-07-08 20:15:56,449] 	INFO 	77 	id_data.py 	<module>() 	ID Data Ended
[2023-07-08 21:10:38,109] 	INFO 	22 	id_data.py 	<module>() 	ID Data Started
[2023-07-08 21:14:20,113] 	INFO 	77 	id_data.py 	<module>() 	ID Data Ended
[2023-07-08 22:11:16,286] 	INFO 	22 	id_data.py 	<module>() 	ID Data Started
[2023-07-08 22:12:16,732] 	INFO 	77 	id_data.py 	<module>() 	ID Data Ended
[2023-07-08 23:11:54,528] 	INFO 	22 	id_data.py 	<module>() 	ID Data Started
[2023-07-08 23:15:09,231] 	INFO 	77 	id_data.py 	<module>() 	ID Data Ended
[2023-07-09 01:21:49,205] 	INFO 	22 	id_data.py 	<module>() 	ID Data Started
[2023-07-09 01:22:42,465] 	INFO 	77 	id_data.py 	<module>() 	ID Data Ended
[2023-07-09 03:03:42,691] 	INFO 	22 	id_data.py 	<module>() 	ID Data Started
[2023-07-09 03:09:47,365] 	INFO 	77 	id_data.py 	<module>() 	ID Data Ended
[2023-07-09 04:15:12,084] 	INFO 	22 	id_data.py 	<module>() 	ID Data Started
[2023-07-09 04:19:12,781] 	INFO 	77 	id_data.py 	<module>() 	ID Data Ended
[2023-07-09 05:12:08,392] 	INFO 	22 	id_data.py 	<module>() 	ID Data Started
[2023-07-09 05:15:41,064] 	INFO 	77 	id_data.py 	<module>() 	ID Data Ended
[2023-07-09 06:16:01,025] 	INFO 	22 	id_data.py 	<module>() 	ID Data Started
[2023-07-09 06:19:12,133] 	INFO 	77 	id_data.py 	<module>() 	ID Data Ended
[2023-07-09 07:11:11,554] 	INFO 	22 	id_data.py 	<module>() 	ID Data Started
[2023-07-09 07:13:01,524] 	INFO 	77 	id_data.py 	<module>() 	ID Data Ended
[2023-07-09 08:15:15,342] 	INFO 	22 	id_data.py 	<module>() 	ID Data Started
[2023-07-09 08:18:57,392] 	INFO 	77 	id_data.py 	<module>() 	ID Data Ended
[2023-07-09 09:11:52,692] 	INFO 	22 	id_data.py 	<module>() 	ID Data Started
[2023-07-09 09:15:27,478] 	INFO 	77 	id_data.py 	<module>() 	ID Data Ended
[2023-07-09 10:12:50,369] 	INFO 	22 	id_data.py 	<module>() 	ID Data Started
[2023-07-09 10:14:43,890] 	INFO 	77 	id_data.py 	<module>() 	ID Data Ended
[2023-07-09 11:10:06,585] 	INFO 	22 	id_data.py 	<module>() 	ID Data Started
[2023-07-09 11:13:48,941] 	INFO 	77 	id_data.py 	<module>() 	ID Data Ended
[2023-07-09 12:24:02,556] 	INFO 	22 	id_data.py 	<module>() 	ID Data Started
[2023-07-09 12:27:16,652] 	INFO 	77 	id_data.py 	<module>() 	ID Data Ended
[2023-07-09 13:17:10,135] 	INFO 	22 	id_data.py 	<module>() 	ID Data Started
[2023-07-09 13:22:11,874] 	INFO 	77 	id_data.py 	<module>() 	ID Data Ended
[2023-07-09 14:10:55,849] 	INFO 	22 	id_data.py 	<module>() 	ID Data Started
[2023-07-09 14:14:07,210] 	INFO 	77 	id_data.py 	<module>() 	ID Data Ended
[2023-07-09 15:12:11,692] 	INFO 	22 	id_data.py 	<module>() 	ID Data Started
[2023-07-09 15:16:26,907] 	INFO 	77 	id_data.py 	<module>() 	ID Data Ended
[2023-07-09 16:15:30,448] 	INFO 	22 	id_data.py 	<module>() 	ID Data Started
[2023-07-09 16:18:45,299] 	INFO 	77 	id_data.py 	<module>() 	ID Data Ended
[2023-07-09 17:10:55,391] 	INFO 	22 	id_data.py 	<module>() 	ID Data Started
[2023-07-09 17:14:08,033] 	INFO 	77 	id_data.py 	<module>() 	ID Data Ended
[2023-07-09 18:15:17,715] 	INFO 	22 	id_data.py 	<module>() 	ID Data Started
[2023-07-09 18:21:04,428] 	INFO 	77 	id_data.py 	<module>() 	ID Data Ended
[2023-07-09 19:09:56,703] 	INFO 	22 	id_data.py 	<module>() 	ID Data Started
[2023-07-09 19:13:55,937] 	INFO 	77 	id_data.py 	<module>() 	ID Data Ended
[2023-07-09 20:12:33,885] 	INFO 	22 	id_data.py 	<module>() 	ID Data Started
[2023-07-09 20:15:48,301] 	INFO 	77 	id_data.py 	<module>() 	ID Data Ended
[2023-07-09 21:10:54,997] 	INFO 	22 	id_data.py 	<module>() 	ID Data Started
[2023-07-09 21:11:46,369] 	INFO 	77 	id_data.py 	<module>() 	ID Data Ended
[2023-07-09 22:11:53,691] 	INFO 	22 	id_data.py 	<module>() 	ID Data Started
[2023-07-09 22:17:22,576] 	INFO 	77 	id_data.py 	<module>() 	ID Data Ended
[2023-07-09 23:12:29,474] 	INFO 	22 	id_data.py 	<module>() 	ID Data Started
[2023-07-09 23:15:45,210] 	INFO 	77 	id_data.py 	<module>() 	ID Data Ended
[2023-07-10 01:15:35,831] 	INFO 	22 	id_data.py 	<module>() 	ID Data Started
[2023-07-10 01:16:25,726] 	INFO 	77 	id_data.py 	<module>() 	ID Data Ended
[2023-07-10 02:58:46,653] 	INFO 	22 	id_data.py 	<module>() 	ID Data Started
[2023-07-10 03:02:19,928] 	INFO 	77 	id_data.py 	<module>() 	ID Data Ended
[2023-07-10 03:30:15,331] 	INFO 	22 	id_data.py 	<module>() 	ID Data Started
[2023-07-10 03:33:31,375] 	INFO 	77 	id_data.py 	<module>() 	ID Data Ended
[2023-07-10 04:16:09,110] 	INFO 	22 	id_data.py 	<module>() 	ID Data Started
[2023-07-10 04:20:13,276] 	INFO 	77 	id_data.py 	<module>() 	ID Data Ended
[2023-07-10 05:12:55,077] 	INFO 	22 	id_data.py 	<module>() 	ID Data Started
[2023-07-10 05:16:09,209] 	INFO 	77 	id_data.py 	<module>() 	ID Data Ended
[2023-07-10 06:17:56,178] 	INFO 	22 	id_data.py 	<module>() 	ID Data Started
[2023-07-10 06:21:41,067] 	INFO 	77 	id_data.py 	<module>() 	ID Data Ended
[2023-07-10 07:12:46,790] 	INFO 	22 	id_data.py 	<module>() 	ID Data Started
[2023-07-10 07:15:58,548] 	INFO 	77 	id_data.py 	<module>() 	ID Data Ended
[2023-07-10 08:17:43,036] 	INFO 	22 	id_data.py 	<module>() 	ID Data Started
[2023-07-10 08:21:18,737] 	INFO 	77 	id_data.py 	<module>() 	ID Data Ended
[2023-07-10 09:14:06,479] 	INFO 	22 	id_data.py 	<module>() 	ID Data Started
[2023-07-10 09:17:51,902] 	INFO 	77 	id_data.py 	<module>() 	ID Data Ended
[2023-07-10 10:14:44,837] 	INFO 	22 	id_data.py 	<module>() 	ID Data Started
[2023-07-10 10:19:00,695] 	INFO 	77 	id_data.py 	<module>() 	ID Data Ended
[2023-07-10 11:11:02,226] 	INFO 	22 	id_data.py 	<module>() 	ID Data Started
[2023-07-10 11:14:35,285] 	INFO 	77 	id_data.py 	<module>() 	ID Data Ended
[2023-07-10 12:26:53,773] 	INFO 	22 	id_data.py 	<module>() 	ID Data Started
[2023-07-10 12:30:08,545] 	INFO 	77 	id_data.py 	<module>() 	ID Data Ended
[2023-07-10 13:22:45,607] 	INFO 	22 	id_data.py 	<module>() 	ID Data Started
[2023-07-10 13:26:00,016] 	INFO 	77 	id_data.py 	<module>() 	ID Data Ended
[2023-07-10 14:12:21,414] 	INFO 	22 	id_data.py 	<module>() 	ID Data Started
[2023-07-10 14:13:31,108] 	INFO 	77 	id_data.py 	<module>() 	ID Data Ended
[2023-07-10 15:13:38,666] 	INFO 	22 	id_data.py 	<module>() 	ID Data Started
[2023-07-10 15:16:51,094] 	INFO 	77 	id_data.py 	<module>() 	ID Data Ended
[2023-07-10 16:17:46,634] 	INFO 	22 	id_data.py 	<module>() 	ID Data Started
[2023-07-10 16:21:02,640] 	INFO 	77 	id_data.py 	<module>() 	ID Data Ended
[2023-07-10 17:12:02,761] 	INFO 	22 	id_data.py 	<module>() 	ID Data Started
[2023-07-10 17:15:46,921] 	INFO 	77 	id_data.py 	<module>() 	ID Data Ended
[2023-07-10 18:16:22,087] 	INFO 	22 	id_data.py 	<module>() 	ID Data Started
[2023-07-10 18:20:37,668] 	INFO 	77 	id_data.py 	<module>() 	ID Data Ended
[2023-07-10 19:10:45,566] 	INFO 	22 	id_data.py 	<module>() 	ID Data Started
[2023-07-10 19:13:57,759] 	INFO 	77 	id_data.py 	<module>() 	ID Data Ended
[2023-07-10 20:13:54,656] 	INFO 	22 	id_data.py 	<module>() 	ID Data Started
[2023-07-10 20:17:39,788] 	INFO 	77 	id_data.py 	<module>() 	ID Data Ended
[2023-07-10 21:11:25,734] 	INFO 	22 	id_data.py 	<module>() 	ID Data Started
[2023-07-10 21:14:40,067] 	INFO 	77 	id_data.py 	<module>() 	ID Data Ended
[2023-07-10 22:12:16,710] 	INFO 	22 	id_data.py 	<module>() 	ID Data Started
[2023-07-10 22:15:29,928] 	INFO 	77 	id_data.py 	<module>() 	ID Data Ended
[2023-07-10 23:12:47,415] 	INFO 	22 	id_data.py 	<module>() 	ID Data Started
[2023-07-10 23:15:58,360] 	INFO 	77 	id_data.py 	<module>() 	ID Data Ended
[2023-07-11 01:09:45,909] 	INFO 	22 	id_data.py 	<module>() 	ID Data Started
[2023-07-11 01:13:28,053] 	INFO 	77 	id_data.py 	<module>() 	ID Data Ended
[2023-07-11 02:48:21,692] 	INFO 	22 	id_data.py 	<module>() 	ID Data Started
[2023-07-11 02:49:28,127] 	INFO 	77 	id_data.py 	<module>() 	ID Data Ended
[2023-07-11 03:18:24,012] 	INFO 	22 	id_data.py 	<module>() 	ID Data Started
[2023-07-11 03:22:41,305] 	INFO 	77 	id_data.py 	<module>() 	ID Data Ended
[2023-07-11 04:15:31,851] 	INFO 	22 	id_data.py 	<module>() 	ID Data Started
[2023-07-11 04:19:08,036] 	INFO 	77 	id_data.py 	<module>() 	ID Data Ended
[2023-07-11 05:12:38,238] 	INFO 	22 	id_data.py 	<module>() 	ID Data Started
[2023-07-11 05:16:56,321] 	INFO 	77 	id_data.py 	<module>() 	ID Data Ended
[2023-07-11 06:17:15,463] 	INFO 	22 	id_data.py 	<module>() 	ID Data Started
[2023-07-11 06:20:31,411] 	INFO 	77 	id_data.py 	<module>() 	ID Data Ended
[2023-07-11 07:12:36,722] 	INFO 	22 	id_data.py 	<module>() 	ID Data Started
[2023-07-11 07:15:48,867] 	INFO 	77 	id_data.py 	<module>() 	ID Data Ended
[2023-07-11 08:17:09,038] 	INFO 	22 	id_data.py 	<module>() 	ID Data Started
[2023-07-11 08:20:28,612] 	INFO 	77 	id_data.py 	<module>() 	ID Data Ended
[2023-07-11 09:13:11,764] 	INFO 	22 	id_data.py 	<module>() 	ID Data Started
[2023-07-11 09:18:31,272] 	INFO 	77 	id_data.py 	<module>() 	ID Data Ended
[2023-07-11 10:14:28,124] 	INFO 	22 	id_data.py 	<module>() 	ID Data Started
[2023-07-11 10:20:02,918] 	INFO 	77 	id_data.py 	<module>() 	ID Data Ended
[2023-07-11 11:10:52,608] 	INFO 	22 	id_data.py 	<module>() 	ID Data Started
[2023-07-11 11:14:07,698] 	INFO 	77 	id_data.py 	<module>() 	ID Data Ended
[2023-07-11 12:27:53,835] 	INFO 	22 	id_data.py 	<module>() 	ID Data Started
[2023-07-11 12:32:13,517] 	INFO 	77 	id_data.py 	<module>() 	ID Data Ended
[2023-07-11 13:21:56,234] 	INFO 	22 	id_data.py 	<module>() 	ID Data Started
[2023-07-11 13:25:10,290] 	INFO 	77 	id_data.py 	<module>() 	ID Data Ended
[2023-07-11 14:12:21,463] 	INFO 	22 	id_data.py 	<module>() 	ID Data Started
[2023-07-11 14:12:29,809] 	ERROR 	79 	id_data.py 	<module>() 	Error occurred during ID Data process. Error: 429 Client Error: Too Many Requests for url: https://endpoints.omniatech.io/v1/arbitrum/one/public
[2023-07-11 15:13:32,503] 	INFO 	22 	id_data.py 	<module>() 	ID Data Started
[2023-07-11 15:16:44,862] 	INFO 	77 	id_data.py 	<module>() 	ID Data Ended
[2023-07-11 16:17:14,079] 	INFO 	22 	id_data.py 	<module>() 	ID Data Started
[2023-07-11 16:20:29,118] 	INFO 	77 	id_data.py 	<module>() 	ID Data Ended
[2023-07-11 17:11:33,128] 	INFO 	22 	id_data.py 	<module>() 	ID Data Started
[2023-07-11 17:26:09,031] 	INFO 	77 	id_data.py 	<module>() 	ID Data Ended
[2023-07-11 18:16:32,803] 	INFO 	22 	id_data.py 	<module>() 	ID Data Started
[2023-07-11 18:20:51,698] 	INFO 	77 	id_data.py 	<module>() 	ID Data Ended
[2023-07-11 19:10:31,947] 	INFO 	22 	id_data.py 	<module>() 	ID Data Started
[2023-07-11 19:14:32,789] 	INFO 	77 	id_data.py 	<module>() 	ID Data Ended
[2023-07-11 20:13:49,887] 	INFO 	22 	id_data.py 	<module>() 	ID Data Started
[2023-07-11 20:22:04,013] 	INFO 	77 	id_data.py 	<module>() 	ID Data Ended
[2023-07-11 21:11:17,599] 	INFO 	22 	id_data.py 	<module>() 	ID Data Started
[2023-07-11 21:14:32,661] 	INFO 	77 	id_data.py 	<module>() 	ID Data Ended
[2023-07-11 22:11:59,971] 	INFO 	22 	id_data.py 	<module>() 	ID Data Started
[2023-07-11 22:15:17,491] 	INFO 	77 	id_data.py 	<module>() 	ID Data Ended
[2023-07-11 23:12:45,944] 	INFO 	22 	id_data.py 	<module>() 	ID Data Started
[2023-07-11 23:14:25,080] 	INFO 	77 	id_data.py 	<module>() 	ID Data Ended
[2023-07-12 01:15:20,512] 	INFO 	22 	id_data.py 	<module>() 	ID Data Started
[2023-07-12 01:18:36,183] 	INFO 	77 	id_data.py 	<module>() 	ID Data Ended
[2023-07-12 02:54:05,979] 	INFO 	22 	id_data.py 	<module>() 	ID Data Started
[2023-07-12 03:18:05,930] 	INFO 	77 	id_data.py 	<module>() 	ID Data Ended
[2023-07-12 03:22:04,030] 	INFO 	22 	id_data.py 	<module>() 	ID Data Started
[2023-07-12 03:25:19,251] 	INFO 	77 	id_data.py 	<module>() 	ID Data Ended
[2023-07-12 04:15:48,405] 	INFO 	22 	id_data.py 	<module>() 	ID Data Started
[2023-07-12 04:19:05,402] 	INFO 	77 	id_data.py 	<module>() 	ID Data Ended
[2023-07-12 05:12:41,849] 	INFO 	22 	id_data.py 	<module>() 	ID Data Started
[2023-07-12 05:16:58,411] 	INFO 	77 	id_data.py 	<module>() 	ID Data Ended
[2023-07-12 06:17:19,104] 	INFO 	22 	id_data.py 	<module>() 	ID Data Started
[2023-07-12 06:21:23,279] 	INFO 	77 	id_data.py 	<module>() 	ID Data Ended
[2023-07-12 07:12:04,350] 	INFO 	22 	id_data.py 	<module>() 	ID Data Started
[2023-07-12 07:15:20,902] 	INFO 	77 	id_data.py 	<module>() 	ID Data Ended
[2023-07-12 08:17:08,045] 	INFO 	22 	id_data.py 	<module>() 	ID Data Started
[2023-07-12 08:23:37,823] 	INFO 	77 	id_data.py 	<module>() 	ID Data Ended
[2023-07-12 09:13:15,801] 	INFO 	22 	id_data.py 	<module>() 	ID Data Started
[2023-07-12 09:16:28,162] 	INFO 	77 	id_data.py 	<module>() 	ID Data Ended
[2023-07-12 10:14:03,818] 	INFO 	22 	id_data.py 	<module>() 	ID Data Started
[2023-07-12 10:15:10,433] 	INFO 	77 	id_data.py 	<module>() 	ID Data Ended
[2023-07-12 11:11:00,538] 	INFO 	22 	id_data.py 	<module>() 	ID Data Started
[2023-07-12 11:15:19,753] 	INFO 	77 	id_data.py 	<module>() 	ID Data Ended
[2023-07-12 12:27:58,687] 	INFO 	22 	id_data.py 	<module>() 	ID Data Started
[2023-07-12 12:31:18,103] 	INFO 	77 	id_data.py 	<module>() 	ID Data Ended
[2023-07-12 13:23:15,704] 	INFO 	22 	id_data.py 	<module>() 	ID Data Started
[2023-07-12 13:29:05,755] 	INFO 	77 	id_data.py 	<module>() 	ID Data Ended
[2023-07-12 14:12:19,528] 	INFO 	22 	id_data.py 	<module>() 	ID Data Started
[2023-07-12 14:16:08,569] 	INFO 	77 	id_data.py 	<module>() 	ID Data Ended
[2023-07-12 15:13:19,781] 	INFO 	22 	id_data.py 	<module>() 	ID Data Started
[2023-07-12 15:16:39,935] 	INFO 	77 	id_data.py 	<module>() 	ID Data Ended
[2023-07-12 16:16:42,985] 	INFO 	22 	id_data.py 	<module>() 	ID Data Started
[2023-07-12 16:20:01,524] 	INFO 	77 	id_data.py 	<module>() 	ID Data Ended
[2023-07-12 17:11:34,650] 	INFO 	22 	id_data.py 	<module>() 	ID Data Started
[2023-07-12 17:13:31,139] 	INFO 	77 	id_data.py 	<module>() 	ID Data Ended
[2023-07-12 18:16:07,422] 	INFO 	22 	id_data.py 	<module>() 	ID Data Started
[2023-07-12 18:19:54,933] 	INFO 	77 	id_data.py 	<module>() 	ID Data Ended
[2023-07-12 19:10:40,203] 	INFO 	22 	id_data.py 	<module>() 	ID Data Started
[2023-07-12 19:13:57,040] 	INFO 	77 	id_data.py 	<module>() 	ID Data Ended
[2023-07-12 20:13:27,392] 	INFO 	22 	id_data.py 	<module>() 	ID Data Started
[2023-07-12 20:17:05,806] 	INFO 	77 	id_data.py 	<module>() 	ID Data Ended
[2023-07-12 21:11:25,398] 	INFO 	22 	id_data.py 	<module>() 	ID Data Started
[2023-07-12 21:14:39,277] 	INFO 	77 	id_data.py 	<module>() 	ID Data Ended
[2023-07-12 22:11:57,248] 	INFO 	22 	id_data.py 	<module>() 	ID Data Started
[2023-07-12 22:15:15,518] 	INFO 	77 	id_data.py 	<module>() 	ID Data Ended
[2023-07-12 23:12:52,135] 	INFO 	22 	id_data.py 	<module>() 	ID Data Started
[2023-07-12 23:16:09,980] 	INFO 	77 	id_data.py 	<module>() 	ID Data Ended
[2023-07-13 01:18:41,468] 	INFO 	22 	id_data.py 	<module>() 	ID Data Started
[2023-07-13 01:19:18,061] 	ERROR 	79 	id_data.py 	<module>() 	Error occurred during ID Data process. Error: 429 Client Error: Too Many Requests for url: https://endpoints.omniatech.io/v1/arbitrum/one/public
[2023-07-13 02:57:18,815] 	INFO 	22 	id_data.py 	<module>() 	ID Data Started
[2023-07-13 03:01:03,339] 	INFO 	77 	id_data.py 	<module>() 	ID Data Ended
[2023-07-13 03:27:15,602] 	INFO 	22 	id_data.py 	<module>() 	ID Data Started
[2023-07-13 03:30:52,159] 	INFO 	77 	id_data.py 	<module>() 	ID Data Ended
[2023-07-13 04:15:52,925] 	INFO 	22 	id_data.py 	<module>() 	ID Data Started
[2023-07-13 04:19:37,150] 	INFO 	77 	id_data.py 	<module>() 	ID Data Ended
[2023-07-13 05:12:45,375] 	INFO 	22 	id_data.py 	<module>() 	ID Data Started
[2023-07-13 05:16:01,056] 	INFO 	77 	id_data.py 	<module>() 	ID Data Ended
[2023-07-13 06:17:41,930] 	INFO 	22 	id_data.py 	<module>() 	ID Data Started
[2023-07-13 06:22:00,832] 	INFO 	77 	id_data.py 	<module>() 	ID Data Ended
[2023-07-13 07:12:19,725] 	INFO 	22 	id_data.py 	<module>() 	ID Data Started
[2023-07-13 07:15:40,039] 	INFO 	77 	id_data.py 	<module>() 	ID Data Ended
[2023-07-13 08:16:30,082] 	INFO 	22 	id_data.py 	<module>() 	ID Data Started
[2023-07-13 08:20:16,317] 	INFO 	77 	id_data.py 	<module>() 	ID Data Ended
[2023-07-13 09:13:06,880] 	INFO 	22 	id_data.py 	<module>() 	ID Data Started
[2023-07-13 09:16:22,046] 	INFO 	77 	id_data.py 	<module>() 	ID Data Ended
[2023-07-13 10:14:05,762] 	INFO 	22 	id_data.py 	<module>() 	ID Data Started
[2023-07-13 10:17:53,711] 	INFO 	77 	id_data.py 	<module>() 	ID Data Ended
[2023-07-13 11:11:03,372] 	INFO 	22 	id_data.py 	<module>() 	ID Data Started
[2023-07-13 11:16:23,677] 	INFO 	77 	id_data.py 	<module>() 	ID Data Ended
[2023-07-13 12:28:19,617] 	INFO 	22 	id_data.py 	<module>() 	ID Data Started
[2023-07-13 12:32:40,680] 	INFO 	77 	id_data.py 	<module>() 	ID Data Ended
[2023-07-13 13:27:19,277] 	INFO 	22 	id_data.py 	<module>() 	ID Data Started
[2023-07-13 13:31:42,165] 	INFO 	77 	id_data.py 	<module>() 	ID Data Ended
[2023-07-13 14:12:18,675] 	INFO 	22 	id_data.py 	<module>() 	ID Data Started
[2023-07-13 14:15:36,291] 	INFO 	77 	id_data.py 	<module>() 	ID Data Ended
[2023-07-13 15:13:28,645] 	INFO 	22 	id_data.py 	<module>() 	ID Data Started
[2023-07-13 15:17:50,477] 	INFO 	77 	id_data.py 	<module>() 	ID Data Ended
[2023-07-13 16:17:05,256] 	INFO 	22 	id_data.py 	<module>() 	ID Data Started
[2023-07-13 16:18:45,251] 	INFO 	77 	id_data.py 	<module>() 	ID Data Ended
[2023-07-13 17:11:35,573] 	INFO 	22 	id_data.py 	<module>() 	ID Data Started
[2023-07-13 17:18:29,247] 	INFO 	77 	id_data.py 	<module>() 	ID Data Ended
[2023-07-13 18:16:15,962] 	INFO 	22 	id_data.py 	<module>() 	ID Data Started
[2023-07-13 18:20:38,778] 	INFO 	77 	id_data.py 	<module>() 	ID Data Ended
[2023-07-13 19:08:52,555] 	INFO 	22 	id_data.py 	<module>() 	ID Data Started
[2023-07-13 19:15:45,682] 	INFO 	77 	id_data.py 	<module>() 	ID Data Ended
[2023-07-13 20:13:51,070] 	INFO 	22 	id_data.py 	<module>() 	ID Data Started
[2023-07-13 20:17:10,790] 	INFO 	77 	id_data.py 	<module>() 	ID Data Ended
[2023-07-13 21:11:21,833] 	INFO 	22 	id_data.py 	<module>() 	ID Data Started
[2023-07-13 21:14:37,923] 	INFO 	77 	id_data.py 	<module>() 	ID Data Ended
[2023-07-13 22:12:14,237] 	INFO 	22 	id_data.py 	<module>() 	ID Data Started
[2023-07-13 22:15:33,866] 	INFO 	77 	id_data.py 	<module>() 	ID Data Ended
[2023-07-13 23:13:09,469] 	INFO 	22 	id_data.py 	<module>() 	ID Data Started
[2023-07-13 23:16:28,719] 	INFO 	77 	id_data.py 	<module>() 	ID Data Ended
[2023-07-14 01:17:50,847] 	INFO 	22 	id_data.py 	<module>() 	ID Data Started
[2023-07-14 01:22:12,297] 	INFO 	77 	id_data.py 	<module>() 	ID Data Ended
[2023-07-14 02:56:41,896] 	INFO 	22 	id_data.py 	<module>() 	ID Data Started
[2023-07-14 03:01:04,169] 	INFO 	77 	id_data.py 	<module>() 	ID Data Ended
[2023-07-14 03:25:35,822] 	INFO 	22 	id_data.py 	<module>() 	ID Data Started
[2023-07-14 03:29:12,929] 	INFO 	77 	id_data.py 	<module>() 	ID Data Ended
[2023-07-14 04:15:37,887] 	INFO 	22 	id_data.py 	<module>() 	ID Data Started
[2023-07-14 04:18:57,461] 	INFO 	77 	id_data.py 	<module>() 	ID Data Ended
[2023-07-14 05:12:48,172] 	INFO 	22 	id_data.py 	<module>() 	ID Data Started
[2023-07-14 05:19:47,459] 	INFO 	77 	id_data.py 	<module>() 	ID Data Ended
[2023-07-14 06:17:53,945] 	INFO 	22 	id_data.py 	<module>() 	ID Data Started
[2023-07-14 06:21:10,667] 	INFO 	77 	id_data.py 	<module>() 	ID Data Ended
[2023-07-14 07:12:17,274] 	INFO 	22 	id_data.py 	<module>() 	ID Data Started
[2023-07-14 07:16:04,690] 	INFO 	77 	id_data.py 	<module>() 	ID Data Ended
[2023-07-14 08:16:12,352] 	INFO 	22 	id_data.py 	<module>() 	ID Data Started
[2023-07-14 08:23:57,068] 	INFO 	77 	id_data.py 	<module>() 	ID Data Ended
[2023-07-14 09:12:52,553] 	INFO 	22 	id_data.py 	<module>() 	ID Data Started
[2023-07-14 09:16:40,638] 	INFO 	77 	id_data.py 	<module>() 	ID Data Ended
[2023-07-14 10:13:55,139] 	INFO 	22 	id_data.py 	<module>() 	ID Data Started
[2023-07-14 10:18:20,033] 	INFO 	77 	id_data.py 	<module>() 	ID Data Ended
[2023-07-14 11:10:53,302] 	INFO 	22 	id_data.py 	<module>() 	ID Data Started
[2023-07-14 11:14:09,369] 	INFO 	77 	id_data.py 	<module>() 	ID Data Ended
[2023-07-14 12:26:16,451] 	INFO 	22 	id_data.py 	<module>() 	ID Data Started
[2023-07-14 12:27:36,589] 	INFO 	77 	id_data.py 	<module>() 	ID Data Ended
[2023-07-14 13:20:52,414] 	INFO 	22 	id_data.py 	<module>() 	ID Data Started
[2023-07-14 13:24:11,475] 	INFO 	77 	id_data.py 	<module>() 	ID Data Ended
[2023-07-14 14:11:50,316] 	INFO 	22 	id_data.py 	<module>() 	ID Data Started
[2023-07-14 14:15:28,019] 	INFO 	77 	id_data.py 	<module>() 	ID Data Ended
[2023-07-14 15:13:28,417] 	INFO 	22 	id_data.py 	<module>() 	ID Data Started
[2023-07-14 15:17:19,083] 	INFO 	77 	id_data.py 	<module>() 	ID Data Ended
[2023-07-14 16:16:19,847] 	INFO 	22 	id_data.py 	<module>() 	ID Data Started
[2023-07-14 16:20:11,588] 	INFO 	77 	id_data.py 	<module>() 	ID Data Ended
[2023-07-14 17:10:45,720] 	INFO 	22 	id_data.py 	<module>() 	ID Data Started
[2023-07-14 17:14:40,614] 	INFO 	77 	id_data.py 	<module>() 	ID Data Ended
[2023-07-14 18:15:34,760] 	INFO 	22 	id_data.py 	<module>() 	ID Data Started
[2023-07-14 18:20:59,442] 	INFO 	77 	id_data.py 	<module>() 	ID Data Ended
[2023-07-14 19:10:36,244] 	INFO 	22 	id_data.py 	<module>() 	ID Data Started
[2023-07-14 19:11:57,409] 	INFO 	77 	id_data.py 	<module>() 	ID Data Ended
[2023-07-14 20:13:36,505] 	INFO 	22 	id_data.py 	<module>() 	ID Data Started
[2023-07-14 20:17:24,612] 	INFO 	77 	id_data.py 	<module>() 	ID Data Ended
[2023-07-14 21:11:07,064] 	INFO 	22 	id_data.py 	<module>() 	ID Data Started
[2023-07-14 21:14:27,295] 	INFO 	77 	id_data.py 	<module>() 	ID Data Ended
[2023-07-14 22:11:53,273] 	INFO 	22 	id_data.py 	<module>() 	ID Data Started
[2023-07-14 22:15:09,685] 	INFO 	77 	id_data.py 	<module>() 	ID Data Ended
[2023-07-14 23:12:43,933] 	INFO 	22 	id_data.py 	<module>() 	ID Data Started
[2023-07-14 23:17:06,582] 	INFO 	77 	id_data.py 	<module>() 	ID Data Ended
[2023-07-15 01:16:44,123] 	INFO 	22 	id_data.py 	<module>() 	ID Data Started
[2023-07-15 01:22:32,491] 	INFO 	77 	id_data.py 	<module>() 	ID Data Ended
[2023-07-15 02:58:31,726] 	INFO 	22 	id_data.py 	<module>() 	ID Data Started
[2023-07-15 03:01:48,788] 	INFO 	77 	id_data.py 	<module>() 	ID Data Ended
[2023-07-15 03:30:21,957] 	INFO 	22 	id_data.py 	<module>() 	ID Data Started
[2023-07-15 03:33:42,531] 	INFO 	77 	id_data.py 	<module>() 	ID Data Ended
[2023-07-15 04:15:01,130] 	INFO 	22 	id_data.py 	<module>() 	ID Data Started
[2023-07-15 04:19:20,621] 	INFO 	77 	id_data.py 	<module>() 	ID Data Ended
[2023-07-15 05:12:24,269] 	INFO 	22 	id_data.py 	<module>() 	ID Data Started
[2023-07-15 05:15:43,760] 	INFO 	77 	id_data.py 	<module>() 	ID Data Ended
[2023-07-15 06:16:09,681] 	INFO 	22 	id_data.py 	<module>() 	ID Data Started
[2023-07-15 06:19:56,606] 	INFO 	77 	id_data.py 	<module>() 	ID Data Ended
[2023-07-15 07:11:33,044] 	INFO 	22 	id_data.py 	<module>() 	ID Data Started
[2023-07-15 07:15:20,431] 	INFO 	77 	id_data.py 	<module>() 	ID Data Ended
[2023-07-15 08:15:05,146] 	INFO 	22 	id_data.py 	<module>() 	ID Data Started
[2023-07-15 08:18:24,789] 	INFO 	77 	id_data.py 	<module>() 	ID Data Ended
[2023-07-15 09:11:48,498] 	INFO 	22 	id_data.py 	<module>() 	ID Data Started
[2023-07-15 09:15:27,114] 	INFO 	77 	id_data.py 	<module>() 	ID Data Ended
[2023-07-15 10:12:36,624] 	INFO 	22 	id_data.py 	<module>() 	ID Data Started
[2023-07-15 10:15:56,450] 	INFO 	77 	id_data.py 	<module>() 	ID Data Ended
[2023-07-15 11:10:01,306] 	INFO 	22 	id_data.py 	<module>() 	ID Data Started
[2023-07-15 11:13:47,951] 	INFO 	77 	id_data.py 	<module>() 	ID Data Ended
[2023-07-15 12:23:31,190] 	INFO 	22 	id_data.py 	<module>() 	ID Data Started
[2023-07-15 12:26:47,209] 	INFO 	77 	id_data.py 	<module>() 	ID Data Ended
[2023-07-15 13:17:15,829] 	INFO 	22 	id_data.py 	<module>() 	ID Data Started
[2023-07-15 13:21:02,528] 	INFO 	77 	id_data.py 	<module>() 	ID Data Ended
[2023-07-15 14:10:47,871] 	INFO 	22 	id_data.py 	<module>() 	ID Data Started
[2023-07-15 14:11:31,991] 	ERROR 	79 	id_data.py 	<module>() 	Error occurred during ID Data process. Error: 429 Client Error: Too Many Requests for url: https://endpoints.omniatech.io/v1/arbitrum/one/public
[2023-07-15 15:12:07,478] 	INFO 	22 	id_data.py 	<module>() 	ID Data Started
[2023-07-15 15:16:29,545] 	INFO 	77 	id_data.py 	<module>() 	ID Data Ended
[2023-07-15 16:15:32,285] 	INFO 	22 	id_data.py 	<module>() 	ID Data Started
[2023-07-15 16:19:52,429] 	INFO 	77 	id_data.py 	<module>() 	ID Data Ended
[2023-07-15 17:10:37,551] 	INFO 	22 	id_data.py 	<module>() 	ID Data Started
[2023-07-15 17:13:53,432] 	INFO 	77 	id_data.py 	<module>() 	ID Data Ended
[2023-07-15 18:14:52,521] 	INFO 	22 	id_data.py 	<module>() 	ID Data Started
[2023-07-15 18:18:08,688] 	INFO 	77 	id_data.py 	<module>() 	ID Data Ended
[2023-07-15 19:10:01,723] 	INFO 	22 	id_data.py 	<module>() 	ID Data Started
[2023-07-15 19:14:25,309] 	INFO 	77 	id_data.py 	<module>() 	ID Data Ended
[2023-07-15 20:12:35,645] 	INFO 	22 	id_data.py 	<module>() 	ID Data Started
[2023-07-15 20:15:57,111] 	INFO 	77 	id_data.py 	<module>() 	ID Data Ended
[2023-07-15 21:10:44,042] 	INFO 	22 	id_data.py 	<module>() 	ID Data Started
[2023-07-15 21:14:08,622] 	INFO 	77 	id_data.py 	<module>() 	ID Data Ended
[2023-07-15 22:11:41,045] 	INFO 	22 	id_data.py 	<module>() 	ID Data Started
[2023-07-15 22:15:00,239] 	INFO 	77 	id_data.py 	<module>() 	ID Data Ended
[2023-07-15 23:12:01,511] 	INFO 	22 	id_data.py 	<module>() 	ID Data Started
[2023-07-15 23:15:51,147] 	INFO 	77 	id_data.py 	<module>() 	ID Data Ended
[2023-07-16 01:24:53,822] 	INFO 	22 	id_data.py 	<module>() 	ID Data Started
[2023-07-16 01:28:11,877] 	INFO 	77 	id_data.py 	<module>() 	ID Data Ended
[2023-07-16 03:07:08,809] 	INFO 	22 	id_data.py 	<module>() 	ID Data Started
[2023-07-16 03:11:14,609] 	INFO 	77 	id_data.py 	<module>() 	ID Data Ended
[2023-07-16 04:15:01,698] 	INFO 	22 	id_data.py 	<module>() 	ID Data Started
[2023-07-16 04:20:56,344] 	INFO 	77 	id_data.py 	<module>() 	ID Data Ended
[2023-07-16 05:12:01,235] 	INFO 	22 	id_data.py 	<module>() 	ID Data Started
[2023-07-16 05:13:21,485] 	INFO 	77 	id_data.py 	<module>() 	ID Data Ended
[2023-07-16 06:16:03,583] 	INFO 	22 	id_data.py 	<module>() 	ID Data Started
[2023-07-16 06:19:23,168] 	INFO 	77 	id_data.py 	<module>() 	ID Data Ended
[2023-07-16 07:11:22,022] 	INFO 	22 	id_data.py 	<module>() 	ID Data Started
[2023-07-16 07:12:45,601] 	INFO 	77 	id_data.py 	<module>() 	ID Data Ended
[2023-07-16 08:15:12,969] 	INFO 	22 	id_data.py 	<module>() 	ID Data Started
[2023-07-16 08:18:29,638] 	INFO 	77 	id_data.py 	<module>() 	ID Data Ended
[2023-07-16 09:11:39,185] 	INFO 	22 	id_data.py 	<module>() 	ID Data Started
[2023-07-16 09:15:58,416] 	INFO 	77 	id_data.py 	<module>() 	ID Data Ended
[2023-07-16 10:12:56,691] 	INFO 	22 	id_data.py 	<module>() 	ID Data Started
[2023-07-16 10:12:57,785] 	ERROR 	79 	id_data.py 	<module>() 	Error occurred during ID Data process. Error: 429 Client Error: Too Many Requests for url: https://endpoints.omniatech.io/v1/arbitrum/one/public
[2023-07-16 11:10:07,635] 	INFO 	22 	id_data.py 	<module>() 	ID Data Started
[2023-07-16 11:13:54,699] 	INFO 	77 	id_data.py 	<module>() 	ID Data Ended
[2023-07-16 12:23:22,480] 	INFO 	22 	id_data.py 	<module>() 	ID Data Started
[2023-07-16 12:26:43,002] 	INFO 	77 	id_data.py 	<module>() 	ID Data Ended
[2023-07-16 13:17:06,465] 	INFO 	22 	id_data.py 	<module>() 	ID Data Started
[2023-07-16 13:21:27,687] 	INFO 	77 	id_data.py 	<module>() 	ID Data Ended
[2023-07-16 14:10:54,967] 	INFO 	22 	id_data.py 	<module>() 	ID Data Started
[2023-07-16 14:12:48,691] 	INFO 	77 	id_data.py 	<module>() 	ID Data Ended
[2023-07-16 15:11:55,257] 	INFO 	22 	id_data.py 	<module>() 	ID Data Started
[2023-07-16 15:15:14,583] 	INFO 	77 	id_data.py 	<module>() 	ID Data Ended
[2023-07-16 16:15:21,965] 	INFO 	22 	id_data.py 	<module>() 	ID Data Started
[2023-07-16 16:18:40,624] 	INFO 	77 	id_data.py 	<module>() 	ID Data Ended
[2023-07-16 17:11:01,752] 	INFO 	22 	id_data.py 	<module>() 	ID Data Started
[2023-07-16 17:15:27,695] 	INFO 	77 	id_data.py 	<module>() 	ID Data Ended
[2023-07-16 18:14:50,578] 	INFO 	22 	id_data.py 	<module>() 	ID Data Started
[2023-07-16 18:18:11,071] 	INFO 	77 	id_data.py 	<module>() 	ID Data Ended
[2023-07-16 19:10:08,245] 	INFO 	22 	id_data.py 	<module>() 	ID Data Started
[2023-07-16 19:13:57,394] 	INFO 	77 	id_data.py 	<module>() 	ID Data Ended
[2023-07-16 20:13:04,703] 	INFO 	22 	id_data.py 	<module>() 	ID Data Started
[2023-07-16 20:19:36,619] 	INFO 	77 	id_data.py 	<module>() 	ID Data Ended
[2023-07-16 21:10:38,941] 	INFO 	22 	id_data.py 	<module>() 	ID Data Started
[2023-07-16 21:13:59,894] 	INFO 	77 	id_data.py 	<module>() 	ID Data Ended
[2023-07-16 22:11:32,589] 	INFO 	22 	id_data.py 	<module>() 	ID Data Started
[2023-07-16 22:15:19,206] 	INFO 	77 	id_data.py 	<module>() 	ID Data Ended
[2023-07-16 23:12:21,272] 	INFO 	22 	id_data.py 	<module>() 	ID Data Started
[2023-07-16 23:15:40,470] 	INFO 	77 	id_data.py 	<module>() 	ID Data Ended
[2023-07-17 01:18:56,527] 	INFO 	22 	id_data.py 	<module>() 	ID Data Started
[2023-07-17 01:22:46,100] 	INFO 	77 	id_data.py 	<module>() 	ID Data Ended
[2023-07-17 03:01:06,318] 	INFO 	22 	id_data.py 	<module>() 	ID Data Started
[2023-07-17 03:03:13,863] 	INFO 	77 	id_data.py 	<module>() 	ID Data Ended
[2023-07-17 04:16:15,357] 	INFO 	22 	id_data.py 	<module>() 	ID Data Started
[2023-07-17 04:22:08,969] 	INFO 	77 	id_data.py 	<module>() 	ID Data Ended
[2023-07-17 05:12:37,754] 	INFO 	22 	id_data.py 	<module>() 	ID Data Started
[2023-07-17 05:15:58,262] 	INFO 	77 	id_data.py 	<module>() 	ID Data Ended
[2023-07-17 06:17:47,769] 	INFO 	22 	id_data.py 	<module>() 	ID Data Started
[2023-07-17 06:21:37,410] 	INFO 	77 	id_data.py 	<module>() 	ID Data Ended
[2023-07-17 07:12:53,858] 	INFO 	22 	id_data.py 	<module>() 	ID Data Started
[2023-07-17 07:17:17,008] 	INFO 	77 	id_data.py 	<module>() 	ID Data Ended
[2023-07-17 08:17:47,790] 	INFO 	22 	id_data.py 	<module>() 	ID Data Started
[2023-07-17 08:22:11,729] 	INFO 	77 	id_data.py 	<module>() 	ID Data Ended
[2023-07-17 09:13:39,631] 	INFO 	22 	id_data.py 	<module>() 	ID Data Started
[2023-07-17 09:17:00,284] 	INFO 	77 	id_data.py 	<module>() 	ID Data Ended
[2023-07-17 10:14:28,010] 	INFO 	22 	id_data.py 	<module>() 	ID Data Started
[2023-07-17 10:20:08,055] 	INFO 	77 	id_data.py 	<module>() 	ID Data Ended
[2023-07-17 11:10:55,587] 	INFO 	22 	id_data.py 	<module>() 	ID Data Started
[2023-07-17 11:14:18,178] 	INFO 	77 	id_data.py 	<module>() 	ID Data Ended
[2023-07-17 12:28:32,283] 	INFO 	22 	id_data.py 	<module>() 	ID Data Started
[2023-07-17 12:31:52,568] 	INFO 	77 	id_data.py 	<module>() 	ID Data Ended
[2023-07-17 13:23:33,519] 	INFO 	22 	id_data.py 	<module>() 	ID Data Started
[2023-07-17 13:27:21,639] 	INFO 	77 	id_data.py 	<module>() 	ID Data Ended
[2023-07-17 14:12:40,073] 	INFO 	22 	id_data.py 	<module>() 	ID Data Started
[2023-07-17 14:13:57,250] 	INFO 	77 	id_data.py 	<module>() 	ID Data Ended
[2023-07-17 15:13:44,650] 	INFO 	22 	id_data.py 	<module>() 	ID Data Started
[2023-07-17 15:17:35,430] 	INFO 	77 	id_data.py 	<module>() 	ID Data Ended
[2023-07-17 16:17:14,962] 	INFO 	22 	id_data.py 	<module>() 	ID Data Started
[2023-07-17 16:21:27,157] 	INFO 	77 	id_data.py 	<module>() 	ID Data Ended
[2023-07-17 17:11:57,535] 	INFO 	22 	id_data.py 	<module>() 	ID Data Started
[2023-07-17 17:11:58,754] 	ERROR 	79 	id_data.py 	<module>() 	Error occurred during ID Data process. Error: 429 Client Error: Too Many Requests for url: https://endpoints.omniatech.io/v1/arbitrum/one/public
[2023-07-17 18:16:47,983] 	INFO 	22 	id_data.py 	<module>() 	ID Data Started
[2023-07-17 18:20:04,720] 	INFO 	77 	id_data.py 	<module>() 	ID Data Ended
[2023-07-17 19:10:28,873] 	INFO 	22 	id_data.py 	<module>() 	ID Data Started
[2023-07-17 19:14:13,514] 	INFO 	77 	id_data.py 	<module>() 	ID Data Ended
[2023-07-17 20:13:32,439] 	INFO 	22 	id_data.py 	<module>() 	ID Data Started
[2023-07-17 20:16:49,598] 	INFO 	77 	id_data.py 	<module>() 	ID Data Ended
[2023-07-17 21:11:35,195] 	INFO 	22 	id_data.py 	<module>() 	ID Data Started
[2023-07-17 21:15:59,443] 	INFO 	77 	id_data.py 	<module>() 	ID Data Ended
[2023-07-17 22:11:40,158] 	INFO 	22 	id_data.py 	<module>() 	ID Data Started
[2023-07-17 22:15:31,922] 	INFO 	77 	id_data.py 	<module>() 	ID Data Ended
[2023-07-17 23:12:15,576] 	INFO 	22 	id_data.py 	<module>() 	ID Data Started
[2023-07-17 23:17:49,908] 	INFO 	77 	id_data.py 	<module>() 	ID Data Ended
[2023-07-18 01:39:00,733] 	INFO 	22 	id_data.py 	<module>() 	ID Data Started
[2023-07-18 01:43:25,434] 	INFO 	77 	id_data.py 	<module>() 	ID Data Ended
[2023-07-18 02:57:12,613] 	INFO 	22 	id_data.py 	<module>() 	ID Data Started
[2023-07-18 02:58:29,847] 	INFO 	77 	id_data.py 	<module>() 	ID Data Ended
[2023-07-18 03:23:14,774] 	INFO 	22 	id_data.py 	<module>() 	ID Data Started
[2023-07-18 03:26:32,662] 	INFO 	77 	id_data.py 	<module>() 	ID Data Ended
[2023-07-18 04:14:31,071] 	INFO 	22 	id_data.py 	<module>() 	ID Data Started
[2023-07-18 04:19:45,194] 	INFO 	77 	id_data.py 	<module>() 	ID Data Ended
[2023-07-18 05:12:06,242] 	INFO 	22 	id_data.py 	<module>() 	ID Data Started
[2023-07-18 05:16:30,912] 	INFO 	77 	id_data.py 	<module>() 	ID Data Ended
[2023-07-18 06:16:06,129] 	INFO 	22 	id_data.py 	<module>() 	ID Data Started
[2023-07-18 06:19:28,122] 	INFO 	77 	id_data.py 	<module>() 	ID Data Ended
[2023-07-18 07:11:50,101] 	INFO 	22 	id_data.py 	<module>() 	ID Data Started
[2023-07-18 07:16:04,051] 	INFO 	77 	id_data.py 	<module>() 	ID Data Ended
[2023-07-18 08:16:00,751] 	INFO 	22 	id_data.py 	<module>() 	ID Data Started
[2023-07-18 08:19:24,498] 	INFO 	77 	id_data.py 	<module>() 	ID Data Ended
[2023-07-18 09:12:34,403] 	INFO 	22 	id_data.py 	<module>() 	ID Data Started
[2023-07-18 09:14:28,071] 	INFO 	77 	id_data.py 	<module>() 	ID Data Ended
[2023-07-18 10:13:19,509] 	INFO 	22 	id_data.py 	<module>() 	ID Data Started
[2023-07-18 10:17:03,814] 	INFO 	77 	id_data.py 	<module>() 	ID Data Ended
[2023-07-18 11:10:24,688] 	INFO 	22 	id_data.py 	<module>() 	ID Data Started
[2023-07-18 11:13:47,586] 	INFO 	77 	id_data.py 	<module>() 	ID Data Ended
[2023-07-18 12:25:28,322] 	INFO 	22 	id_data.py 	<module>() 	ID Data Started
[2023-07-18 12:32:31,594] 	INFO 	77 	id_data.py 	<module>() 	ID Data Ended
[2023-07-18 13:19:05,080] 	INFO 	22 	id_data.py 	<module>() 	ID Data Started
[2023-07-18 13:22:26,355] 	INFO 	77 	id_data.py 	<module>() 	ID Data Ended
[2023-07-18 14:11:43,573] 	INFO 	22 	id_data.py 	<module>() 	ID Data Started
[2023-07-18 14:15:34,511] 	INFO 	77 	id_data.py 	<module>() 	ID Data Ended
[2023-07-18 15:12:37,017] 	INFO 	22 	id_data.py 	<module>() 	ID Data Started
[2023-07-18 15:15:59,345] 	INFO 	77 	id_data.py 	<module>() 	ID Data Ended
[2023-07-18 16:17:37,710] 	INFO 	22 	id_data.py 	<module>() 	ID Data Started
[2023-07-18 16:22:04,217] 	INFO 	77 	id_data.py 	<module>() 	ID Data Ended
[2023-07-18 17:11:07,199] 	INFO 	22 	id_data.py 	<module>() 	ID Data Started
[2023-07-18 17:15:18,998] 	INFO 	77 	id_data.py 	<module>() 	ID Data Ended
[2023-07-18 18:15:48,542] 	INFO 	22 	id_data.py 	<module>() 	ID Data Started
[2023-07-18 18:19:09,540] 	INFO 	77 	id_data.py 	<module>() 	ID Data Ended
[2023-07-18 19:10:02,850] 	INFO 	22 	id_data.py 	<module>() 	ID Data Started
[2023-07-18 19:18:19,791] 	INFO 	77 	id_data.py 	<module>() 	ID Data Ended
[2023-07-18 20:13:06,351] 	INFO 	22 	id_data.py 	<module>() 	ID Data Started
[2023-07-18 20:16:26,212] 	INFO 	77 	id_data.py 	<module>() 	ID Data Ended
[2023-07-18 21:10:13,887] 	INFO 	22 	id_data.py 	<module>() 	ID Data Started
[2023-07-18 21:10:15,816] 	ERROR 	79 	id_data.py 	<module>() 	Error occurred during ID Data process. Error: 429 Client Error: Too Many Requests for url: https://endpoints.omniatech.io/v1/arbitrum/one/public
[2023-07-18 22:11:11,499] 	INFO 	22 	id_data.py 	<module>() 	ID Data Started
[2023-07-18 22:12:02,995] 	INFO 	77 	id_data.py 	<module>() 	ID Data Ended
[2023-07-18 23:11:25,848] 	INFO 	22 	id_data.py 	<module>() 	ID Data Started
[2023-07-18 23:17:59,532] 	INFO 	77 	id_data.py 	<module>() 	ID Data Ended
[2023-07-19 02:22:58,354] 	INFO 	22 	id_data.py 	<module>() 	ID Data Started
[2023-07-19 02:26:48,814] 	INFO 	77 	id_data.py 	<module>() 	ID Data Ended
[2023-07-19 03:52:19,018] 	INFO 	22 	id_data.py 	<module>() 	ID Data Started
[2023-07-19 03:55:41,342] 	INFO 	77 	id_data.py 	<module>() 	ID Data Ended
[2023-07-19 04:19:12,782] 	INFO 	22 	id_data.py 	<module>() 	ID Data Started
[2023-07-19 04:21:05,313] 	INFO 	77 	id_data.py 	<module>() 	ID Data Ended
[2023-07-19 05:11:45,979] 	INFO 	22 	id_data.py 	<module>() 	ID Data Started
[2023-07-19 05:16:12,816] 	INFO 	77 	id_data.py 	<module>() 	ID Data Ended
[2023-07-19 06:15:18,241] 	INFO 	22 	id_data.py 	<module>() 	ID Data Started
[2023-07-19 06:19:08,804] 	INFO 	77 	id_data.py 	<module>() 	ID Data Ended
[2023-07-19 07:11:13,044] 	INFO 	22 	id_data.py 	<module>() 	ID Data Started
[2023-07-19 07:14:54,516] 	INFO 	77 	id_data.py 	<module>() 	ID Data Ended
[2023-07-19 08:14:55,091] 	INFO 	22 	id_data.py 	<module>() 	ID Data Started
[2023-07-19 08:18:49,352] 	INFO 	77 	id_data.py 	<module>() 	ID Data Ended
[2023-07-19 09:11:35,421] 	INFO 	22 	id_data.py 	<module>() 	ID Data Started
[2023-07-19 09:14:57,127] 	INFO 	77 	id_data.py 	<module>() 	ID Data Ended
[2023-07-19 10:12:42,836] 	INFO 	22 	id_data.py 	<module>() 	ID Data Started
[2023-07-19 10:12:44,054] 	ERROR 	79 	id_data.py 	<module>() 	Error occurred during ID Data process. Error: 429 Client Error: Too Many Requests for url: https://endpoints.omniatech.io/v1/arbitrum/one/public
[2023-07-19 11:09:50,929] 	INFO 	22 	id_data.py 	<module>() 	ID Data Started
[2023-07-19 11:13:37,537] 	INFO 	77 	id_data.py 	<module>() 	ID Data Ended
[2023-07-19 12:23:48,779] 	INFO 	22 	id_data.py 	<module>() 	ID Data Started
[2023-07-19 12:27:43,334] 	INFO 	77 	id_data.py 	<module>() 	ID Data Ended
[2023-07-19 13:16:21,769] 	INFO 	22 	id_data.py 	<module>() 	ID Data Started
[2023-07-19 13:20:49,720] 	INFO 	77 	id_data.py 	<module>() 	ID Data Ended
[2023-07-19 14:10:59,252] 	INFO 	22 	id_data.py 	<module>() 	ID Data Started
[2023-07-19 14:14:22,287] 	INFO 	77 	id_data.py 	<module>() 	ID Data Ended
[2023-07-19 15:12:08,272] 	INFO 	22 	id_data.py 	<module>() 	ID Data Started
[2023-07-19 15:15:30,800] 	INFO 	77 	id_data.py 	<module>() 	ID Data Ended
[2023-07-19 16:14:52,530] 	INFO 	22 	id_data.py 	<module>() 	ID Data Started
[2023-07-19 16:18:11,952] 	INFO 	77 	id_data.py 	<module>() 	ID Data Ended
[2023-07-19 17:10:56,762] 	INFO 	22 	id_data.py 	<module>() 	ID Data Started
[2023-07-19 17:15:26,341] 	INFO 	77 	id_data.py 	<module>() 	ID Data Ended
[2023-07-19 18:14:29,483] 	INFO 	22 	id_data.py 	<module>() 	ID Data Started
[2023-07-19 18:18:16,718] 	INFO 	77 	id_data.py 	<module>() 	ID Data Ended
[2023-07-19 19:09:37,784] 	INFO 	22 	id_data.py 	<module>() 	ID Data Started
[2023-07-19 19:14:06,616] 	INFO 	77 	id_data.py 	<module>() 	ID Data Ended
[2023-07-19 20:11:48,148] 	INFO 	22 	id_data.py 	<module>() 	ID Data Started
[2023-07-19 20:15:44,794] 	INFO 	77 	id_data.py 	<module>() 	ID Data Ended
[2023-07-19 21:10:15,700] 	INFO 	22 	id_data.py 	<module>() 	ID Data Started
[2023-07-19 21:14:08,632] 	INFO 	77 	id_data.py 	<module>() 	ID Data Ended
[2023-07-19 22:10:52,288] 	INFO 	22 	id_data.py 	<module>() 	ID Data Started
[2023-07-19 22:15:03,066] 	INFO 	77 	id_data.py 	<module>() 	ID Data Ended
[2023-07-19 23:11:34,294] 	INFO 	22 	id_data.py 	<module>() 	ID Data Started
[2023-07-19 23:15:26,264] 	INFO 	77 	id_data.py 	<module>() 	ID Data Ended
[2023-07-20 01:06:07,719] 	INFO 	22 	id_data.py 	<module>() 	ID Data Started
[2023-07-20 01:10:24,422] 	INFO 	77 	id_data.py 	<module>() 	ID Data Ended
[2023-07-20 02:30:10,624] 	INFO 	22 	id_data.py 	<module>() 	ID Data Started
[2023-07-20 02:34:04,973] 	INFO 	77 	id_data.py 	<module>() 	ID Data Ended
[2023-07-20 03:12:14,961] 	INFO 	22 	id_data.py 	<module>() 	ID Data Started
[2023-07-20 03:16:01,100] 	INFO 	77 	id_data.py 	<module>() 	ID Data Ended
[2023-07-20 04:14:02,892] 	INFO 	22 	id_data.py 	<module>() 	ID Data Started
[2023-07-20 04:15:24,950] 	INFO 	77 	id_data.py 	<module>() 	ID Data Ended
[2023-07-20 05:11:23,457] 	INFO 	22 	id_data.py 	<module>() 	ID Data Started
[2023-07-20 05:14:49,437] 	INFO 	77 	id_data.py 	<module>() 	ID Data Ended
[2023-07-20 06:15:37,692] 	INFO 	22 	id_data.py 	<module>() 	ID Data Started
[2023-07-20 06:22:23,421] 	INFO 	77 	id_data.py 	<module>() 	ID Data Ended
[2023-07-20 07:10:58,710] 	INFO 	22 	id_data.py 	<module>() 	ID Data Started
[2023-07-20 07:17:07,027] 	INFO 	77 	id_data.py 	<module>() 	ID Data Ended
[2023-07-20 08:15:02,975] 	INFO 	22 	id_data.py 	<module>() 	ID Data Started
[2023-07-20 08:20:43,867] 	INFO 	77 	id_data.py 	<module>() 	ID Data Ended
[2023-07-20 09:11:54,327] 	INFO 	22 	id_data.py 	<module>() 	ID Data Started
[2023-07-20 09:15:20,286] 	INFO 	77 	id_data.py 	<module>() 	ID Data Ended
[2023-07-20 10:12:25,421] 	INFO 	22 	id_data.py 	<module>() 	ID Data Started
[2023-07-20 10:13:50,857] 	INFO 	77 	id_data.py 	<module>() 	ID Data Ended
[2023-07-20 11:10:14,831] 	INFO 	22 	id_data.py 	<module>() 	ID Data Started
[2023-07-20 11:14:43,512] 	INFO 	77 	id_data.py 	<module>() 	ID Data Ended
[2023-07-20 12:25:01,318] 	INFO 	22 	id_data.py 	<module>() 	ID Data Started
[2023-07-20 12:28:58,429] 	INFO 	77 	id_data.py 	<module>() 	ID Data Ended
[2023-07-20 13:16:44,928] 	INFO 	22 	id_data.py 	<module>() 	ID Data Started
[2023-07-20 13:21:21,028] 	INFO 	77 	id_data.py 	<module>() 	ID Data Ended
[2023-07-20 14:11:10,031] 	INFO 	22 	id_data.py 	<module>() 	ID Data Started
[2023-07-20 14:15:44,760] 	INFO 	77 	id_data.py 	<module>() 	ID Data Ended
[2023-07-20 15:12:18,720] 	INFO 	22 	id_data.py 	<module>() 	ID Data Started
[2023-07-20 15:16:14,926] 	INFO 	77 	id_data.py 	<module>() 	ID Data Ended
[2023-07-20 16:14:54,994] 	INFO 	22 	id_data.py 	<module>() 	ID Data Started
[2023-07-20 16:15:47,908] 	INFO 	77 	id_data.py 	<module>() 	ID Data Ended
[2023-07-20 17:10:26,241] 	INFO 	22 	id_data.py 	<module>() 	ID Data Started
[2023-07-20 17:14:21,137] 	INFO 	77 	id_data.py 	<module>() 	ID Data Ended
[2023-07-20 18:15:09,909] 	INFO 	22 	id_data.py 	<module>() 	ID Data Started
[2023-07-20 18:19:05,126] 	INFO 	77 	id_data.py 	<module>() 	ID Data Ended
[2023-07-20 19:09:40,682] 	INFO 	22 	id_data.py 	<module>() 	ID Data Started
[2023-07-20 19:14:15,209] 	INFO 	77 	id_data.py 	<module>() 	ID Data Ended
[2023-07-20 20:12:23,880] 	INFO 	22 	id_data.py 	<module>() 	ID Data Started
[2023-07-20 20:16:39,282] 	INFO 	77 	id_data.py 	<module>() 	ID Data Ended
[2023-07-20 21:10:14,757] 	INFO 	22 	id_data.py 	<module>() 	ID Data Started
[2023-07-20 21:13:43,053] 	INFO 	77 	id_data.py 	<module>() 	ID Data Ended
[2023-07-20 22:10:55,781] 	INFO 	22 	id_data.py 	<module>() 	ID Data Started
[2023-07-20 22:14:16,232] 	INFO 	77 	id_data.py 	<module>() 	ID Data Ended
[2023-07-20 23:11:48,451] 	INFO 	22 	id_data.py 	<module>() 	ID Data Started
[2023-07-20 23:15:41,455] 	INFO 	77 	id_data.py 	<module>() 	ID Data Ended
[2023-07-21 01:06:35,955] 	INFO 	22 	id_data.py 	<module>() 	ID Data Started
[2023-07-21 01:12:44,511] 	INFO 	77 	id_data.py 	<module>() 	ID Data Ended
[2023-07-21 02:32:12,933] 	INFO 	22 	id_data.py 	<module>() 	ID Data Started
[2023-07-21 02:35:36,326] 	INFO 	77 	id_data.py 	<module>() 	ID Data Ended
[2023-07-21 03:12:05,031] 	INFO 	22 	id_data.py 	<module>() 	ID Data Started
[2023-07-21 03:15:49,522] 	INFO 	77 	id_data.py 	<module>() 	ID Data Ended
[2023-07-21 04:13:59,158] 	INFO 	22 	id_data.py 	<module>() 	ID Data Started
[2023-07-21 04:19:48,907] 	INFO 	77 	id_data.py 	<module>() 	ID Data Ended
[2023-07-21 05:11:07,011] 	INFO 	22 	id_data.py 	<module>() 	ID Data Started
[2023-07-21 05:11:55,884] 	INFO 	77 	id_data.py 	<module>() 	ID Data Ended
[2023-07-21 06:15:25,484] 	INFO 	22 	id_data.py 	<module>() 	ID Data Started
[2023-07-21 06:21:19,859] 	INFO 	77 	id_data.py 	<module>() 	ID Data Ended
[2023-07-21 07:11:05,479] 	INFO 	22 	id_data.py 	<module>() 	ID Data Started
[2023-07-21 07:15:38,516] 	INFO 	77 	id_data.py 	<module>() 	ID Data Ended
[2023-07-21 08:15:02,441] 	INFO 	22 	id_data.py 	<module>() 	ID Data Started
[2023-07-21 08:18:57,439] 	INFO 	77 	id_data.py 	<module>() 	ID Data Ended
[2023-07-21 09:11:37,346] 	INFO 	22 	id_data.py 	<module>() 	ID Data Started
[2023-07-21 09:17:35,111] 	INFO 	77 	id_data.py 	<module>() 	ID Data Ended
[2023-07-21 10:12:13,010] 	INFO 	22 	id_data.py 	<module>() 	ID Data Started
[2023-07-21 10:17:53,679] 	INFO 	77 	id_data.py 	<module>() 	ID Data Ended
[2023-07-21 11:09:27,173] 	INFO 	22 	id_data.py 	<module>() 	ID Data Started
[2023-07-21 11:12:52,999] 	INFO 	77 	id_data.py 	<module>() 	ID Data Ended
[2023-07-21 12:23:10,730] 	INFO 	22 	id_data.py 	<module>() 	ID Data Started
[2023-07-21 12:24:23,276] 	INFO 	77 	id_data.py 	<module>() 	ID Data Ended
[2023-07-21 14:10:38,906] 	INFO 	22 	id_data.py 	<module>() 	ID Data Started
[2023-07-21 14:11:29,570] 	INFO 	77 	id_data.py 	<module>() 	ID Data Ended
[2023-07-21 15:12:02,841] 	INFO 	22 	id_data.py 	<module>() 	ID Data Started
[2023-07-21 15:12:59,601] 	INFO 	77 	id_data.py 	<module>() 	ID Data Ended
[2023-07-21 16:15:03,152] 	INFO 	22 	id_data.py 	<module>() 	ID Data Started
[2023-07-21 16:19:02,635] 	INFO 	77 	id_data.py 	<module>() 	ID Data Ended
[2023-07-21 17:10:34,452] 	INFO 	22 	id_data.py 	<module>() 	ID Data Started
[2023-07-21 17:14:32,851] 	INFO 	77 	id_data.py 	<module>() 	ID Data Ended
[2023-07-21 18:15:04,842] 	INFO 	22 	id_data.py 	<module>() 	ID Data Started
[2023-07-21 18:18:52,681] 	INFO 	77 	id_data.py 	<module>() 	ID Data Ended
[2023-07-21 19:09:12,077] 	INFO 	22 	id_data.py 	<module>() 	ID Data Started
[2023-07-21 19:12:40,459] 	INFO 	77 	id_data.py 	<module>() 	ID Data Ended
[2023-07-21 20:12:06,350] 	INFO 	22 	id_data.py 	<module>() 	ID Data Started
[2023-07-21 20:15:32,229] 	INFO 	77 	id_data.py 	<module>() 	ID Data Ended
[2023-07-21 21:10:08,446] 	INFO 	22 	id_data.py 	<module>() 	ID Data Started
[2023-07-21 21:14:17,910] 	INFO 	77 	id_data.py 	<module>() 	ID Data Ended
[2023-07-21 22:10:51,845] 	INFO 	22 	id_data.py 	<module>() 	ID Data Started
[2023-07-21 22:14:21,264] 	INFO 	77 	id_data.py 	<module>() 	ID Data Ended
[2023-07-21 23:10:58,595] 	INFO 	22 	id_data.py 	<module>() 	ID Data Started
[2023-07-21 23:16:03,532] 	INFO 	77 	id_data.py 	<module>() 	ID Data Ended
[2023-07-22 01:06:01,407] 	INFO 	22 	id_data.py 	<module>() 	ID Data Started
[2023-07-22 01:10:34,975] 	INFO 	77 	id_data.py 	<module>() 	ID Data Ended
[2023-07-22 02:28:53,962] 	INFO 	22 	id_data.py 	<module>() 	ID Data Started
[2023-07-22 02:32:18,787] 	INFO 	77 	id_data.py 	<module>() 	ID Data Ended
[2023-07-22 03:12:09,697] 	INFO 	22 	id_data.py 	<module>() 	ID Data Started
[2023-07-22 03:16:43,895] 	INFO 	77 	id_data.py 	<module>() 	ID Data Ended
[2023-07-22 04:13:16,602] 	INFO 	22 	id_data.py 	<module>() 	ID Data Started
[2023-07-22 04:18:40,102] 	INFO 	77 	id_data.py 	<module>() 	ID Data Ended
[2023-07-22 05:10:44,802] 	INFO 	22 	id_data.py 	<module>() 	ID Data Started
[2023-07-22 05:14:14,517] 	INFO 	77 	id_data.py 	<module>() 	ID Data Ended
[2023-07-22 06:14:11,228] 	INFO 	22 	id_data.py 	<module>() 	ID Data Started
[2023-07-22 06:18:13,867] 	INFO 	77 	id_data.py 	<module>() 	ID Data Ended
[2023-07-22 07:10:02,222] 	INFO 	22 	id_data.py 	<module>() 	ID Data Started
[2023-07-22 07:11:58,679] 	INFO 	77 	id_data.py 	<module>() 	ID Data Ended
[2023-07-22 08:13:09,662] 	INFO 	22 	id_data.py 	<module>() 	ID Data Started
[2023-07-22 08:16:40,576] 	INFO 	77 	id_data.py 	<module>() 	ID Data Ended
[2023-07-22 09:10:53,293] 	INFO 	22 	id_data.py 	<module>() 	ID Data Started
[2023-07-22 09:14:56,804] 	INFO 	77 	id_data.py 	<module>() 	ID Data Ended
[2023-07-22 10:11:12,577] 	INFO 	22 	id_data.py 	<module>() 	ID Data Started
[2023-07-22 10:15:10,811] 	INFO 	77 	id_data.py 	<module>() 	ID Data Ended
[2023-07-22 11:09:41,014] 	INFO 	22 	id_data.py 	<module>() 	ID Data Started
[2023-07-22 11:14:18,047] 	INFO 	77 	id_data.py 	<module>() 	ID Data Ended
[2023-07-22 12:20:56,467] 	INFO 	22 	id_data.py 	<module>() 	ID Data Started
[2023-07-22 12:25:32,758] 	INFO 	77 	id_data.py 	<module>() 	ID Data Ended
[2023-07-22 13:12:28,735] 	INFO 	22 	id_data.py 	<module>() 	ID Data Started
[2023-07-22 13:15:56,999] 	INFO 	77 	id_data.py 	<module>() 	ID Data Ended
[2023-07-22 14:09:32,242] 	INFO 	22 	id_data.py 	<module>() 	ID Data Started
[2023-07-22 14:14:04,827] 	INFO 	77 	id_data.py 	<module>() 	ID Data Ended
[2023-07-22 15:10:48,113] 	INFO 	22 	id_data.py 	<module>() 	ID Data Started
[2023-07-22 15:12:10,000] 	INFO 	77 	id_data.py 	<module>() 	ID Data Ended
[2023-07-22 16:13:47,377] 	INFO 	22 	id_data.py 	<module>() 	ID Data Started
[2023-07-22 16:17:47,481] 	INFO 	77 	id_data.py 	<module>() 	ID Data Ended
[2023-07-22 17:09:59,999] 	INFO 	22 	id_data.py 	<module>() 	ID Data Started
[2023-07-22 17:16:40,532] 	INFO 	77 	id_data.py 	<module>() 	ID Data Ended
[2023-07-22 18:13:19,941] 	INFO 	22 	id_data.py 	<module>() 	ID Data Started
[2023-07-22 18:16:48,501] 	INFO 	77 	id_data.py 	<module>() 	ID Data Ended
[2023-07-22 19:08:56,709] 	INFO 	22 	id_data.py 	<module>() 	ID Data Started
[2023-07-22 19:09:33,455] 	ERROR 	79 	id_data.py 	<module>() 	Error occurred during ID Data process. Error: 429 Client Error: Too Many Requests for url: https://endpoints.omniatech.io/v1/arbitrum/one/public
[2023-07-22 20:11:16,465] 	INFO 	22 	id_data.py 	<module>() 	ID Data Started
[2023-07-22 20:14:44,965] 	INFO 	77 	id_data.py 	<module>() 	ID Data Ended
[2023-07-22 21:09:34,851] 	INFO 	22 	id_data.py 	<module>() 	ID Data Started
[2023-07-22 21:15:16,010] 	INFO 	77 	id_data.py 	<module>() 	ID Data Ended
[2023-07-22 22:10:16,523] 	INFO 	22 	id_data.py 	<module>() 	ID Data Started
[2023-07-22 22:13:46,379] 	INFO 	77 	id_data.py 	<module>() 	ID Data Ended
[2023-07-22 23:10:30,155] 	INFO 	22 	id_data.py 	<module>() 	ID Data Started
[2023-07-22 23:10:31,396] 	ERROR 	79 	id_data.py 	<module>() 	Error occurred during ID Data process. Error: 429 Client Error: Too Many Requests for url: https://endpoints.omniatech.io/v1/arbitrum/one/public
[2023-07-23 01:10:36,347] 	INFO 	22 	id_data.py 	<module>() 	ID Data Started
[2023-07-23 01:14:04,717] 	INFO 	77 	id_data.py 	<module>() 	ID Data Ended
[2023-07-23 02:35:10,196] 	INFO 	22 	id_data.py 	<module>() 	ID Data Started
[2023-07-23 02:38:34,999] 	INFO 	77 	id_data.py 	<module>() 	ID Data Ended
[2023-07-23 03:12:14,197] 	INFO 	22 	id_data.py 	<module>() 	ID Data Started
[2023-07-23 03:14:04,355] 	INFO 	77 	id_data.py 	<module>() 	ID Data Ended
[2023-07-23 04:13:25,484] 	INFO 	22 	id_data.py 	<module>() 	ID Data Started
[2023-07-23 04:17:13,457] 	INFO 	77 	id_data.py 	<module>() 	ID Data Ended
[2023-07-23 05:10:53,481] 	INFO 	22 	id_data.py 	<module>() 	ID Data Started
[2023-07-23 05:15:29,563] 	INFO 	77 	id_data.py 	<module>() 	ID Data Ended
[2023-07-23 06:14:35,150] 	INFO 	22 	id_data.py 	<module>() 	ID Data Started
[2023-07-23 06:18:51,747] 	INFO 	77 	id_data.py 	<module>() 	ID Data Ended
[2023-07-23 07:10:17,844] 	INFO 	22 	id_data.py 	<module>() 	ID Data Started
[2023-07-23 07:14:56,024] 	INFO 	77 	id_data.py 	<module>() 	ID Data Ended
[2023-07-23 08:13:38,549] 	INFO 	22 	id_data.py 	<module>() 	ID Data Started
[2023-07-23 08:17:40,053] 	INFO 	77 	id_data.py 	<module>() 	ID Data Ended
[2023-07-23 09:10:28,885] 	INFO 	22 	id_data.py 	<module>() 	ID Data Started
[2023-07-23 09:14:19,689] 	INFO 	77 	id_data.py 	<module>() 	ID Data Ended
[2023-07-23 10:11:24,682] 	INFO 	22 	id_data.py 	<module>() 	ID Data Started
[2023-07-23 10:15:41,404] 	INFO 	77 	id_data.py 	<module>() 	ID Data Ended
[2023-07-23 11:09:03,086] 	INFO 	22 	id_data.py 	<module>() 	ID Data Started
[2023-07-23 11:12:32,322] 	INFO 	77 	id_data.py 	<module>() 	ID Data Ended
[2023-07-23 12:20:43,196] 	INFO 	22 	id_data.py 	<module>() 	ID Data Started
[2023-07-23 12:22:31,981] 	INFO 	77 	id_data.py 	<module>() 	ID Data Ended
[2023-07-23 13:12:52,338] 	INFO 	22 	id_data.py 	<module>() 	ID Data Started
[2023-07-23 13:17:24,751] 	INFO 	77 	id_data.py 	<module>() 	ID Data Ended
[2023-07-23 14:09:34,568] 	INFO 	22 	id_data.py 	<module>() 	ID Data Started
[2023-07-23 14:14:55,132] 	INFO 	77 	id_data.py 	<module>() 	ID Data Ended
[2023-07-23 15:10:38,858] 	INFO 	22 	id_data.py 	<module>() 	ID Data Started
[2023-07-23 15:14:09,448] 	INFO 	77 	id_data.py 	<module>() 	ID Data Ended
[2023-07-23 16:13:46,500] 	INFO 	22 	id_data.py 	<module>() 	ID Data Started
[2023-07-23 16:18:22,246] 	INFO 	77 	id_data.py 	<module>() 	ID Data Ended
[2023-07-23 17:09:41,277] 	INFO 	22 	id_data.py 	<module>() 	ID Data Started
[2023-07-23 17:13:09,824] 	INFO 	77 	id_data.py 	<module>() 	ID Data Ended
[2023-07-23 18:13:14,415] 	INFO 	22 	id_data.py 	<module>() 	ID Data Started
[2023-07-23 18:16:42,839] 	INFO 	77 	id_data.py 	<module>() 	ID Data Ended
[2023-07-23 19:09:01,554] 	INFO 	22 	id_data.py 	<module>() 	ID Data Started
[2023-07-23 19:13:36,214] 	INFO 	77 	id_data.py 	<module>() 	ID Data Ended
[2023-07-23 20:11:38,729] 	INFO 	22 	id_data.py 	<module>() 	ID Data Started
[2023-07-23 20:16:14,957] 	INFO 	77 	id_data.py 	<module>() 	ID Data Ended
[2023-07-23 21:10:23,206] 	INFO 	22 	id_data.py 	<module>() 	ID Data Started
[2023-07-23 21:13:52,696] 	INFO 	77 	id_data.py 	<module>() 	ID Data Ended
[2023-07-23 22:10:14,779] 	INFO 	22 	id_data.py 	<module>() 	ID Data Started
[2023-07-23 22:14:16,337] 	INFO 	77 	id_data.py 	<module>() 	ID Data Ended
[2023-07-23 23:11:21,686] 	INFO 	22 	id_data.py 	<module>() 	ID Data Started
[2023-07-23 23:12:13,426] 	INFO 	77 	id_data.py 	<module>() 	ID Data Ended
[2023-07-24 01:06:55,337] 	INFO 	22 	id_data.py 	<module>() 	ID Data Started
[2023-07-24 01:11:12,332] 	INFO 	77 	id_data.py 	<module>() 	ID Data Ended
[2023-07-24 02:32:11,863] 	INFO 	22 	id_data.py 	<module>() 	ID Data Started
[2023-07-24 02:35:37,033] 	INFO 	77 	id_data.py 	<module>() 	ID Data Ended
[2023-07-24 03:12:44,397] 	INFO 	22 	id_data.py 	<module>() 	ID Data Started
[2023-07-24 03:17:21,924] 	INFO 	77 	id_data.py 	<module>() 	ID Data Ended
[2023-07-24 04:14:01,012] 	INFO 	22 	id_data.py 	<module>() 	ID Data Started
[2023-07-24 04:17:29,947] 	INFO 	77 	id_data.py 	<module>() 	ID Data Ended
[2023-07-24 05:11:41,028] 	INFO 	22 	id_data.py 	<module>() 	ID Data Started
[2023-07-24 05:15:07,414] 	INFO 	77 	id_data.py 	<module>() 	ID Data Ended
[2023-07-24 06:16:03,267] 	INFO 	22 	id_data.py 	<module>() 	ID Data Started
[2023-07-24 06:21:31,926] 	INFO 	77 	id_data.py 	<module>() 	ID Data Ended
[2023-07-24 07:11:38,671] 	INFO 	22 	id_data.py 	<module>() 	ID Data Started
[2023-07-24 07:12:53,726] 	INFO 	77 	id_data.py 	<module>() 	ID Data Ended
[2023-07-24 08:15:53,924] 	INFO 	22 	id_data.py 	<module>() 	ID Data Started
[2023-07-24 08:19:55,398] 	INFO 	77 	id_data.py 	<module>() 	ID Data Ended
[2023-07-24 09:12:37,656] 	INFO 	22 	id_data.py 	<module>() 	ID Data Started
[2023-07-24 09:18:06,921] 	INFO 	77 	id_data.py 	<module>() 	ID Data Ended
[2023-07-24 10:13:14,094] 	INFO 	22 	id_data.py 	<module>() 	ID Data Started
[2023-07-24 10:17:49,485] 	INFO 	77 	id_data.py 	<module>() 	ID Data Ended
[2023-07-24 11:09:46,764] 	INFO 	22 	id_data.py 	<module>() 	ID Data Started
[2023-07-24 11:15:36,098] 	INFO 	77 	id_data.py 	<module>() 	ID Data Ended
[2023-07-24 12:23:47,280] 	INFO 	22 	id_data.py 	<module>() 	ID Data Started
[2023-07-24 12:27:12,462] 	INFO 	77 	id_data.py 	<module>() 	ID Data Ended
[2023-07-24 13:16:45,540] 	INFO 	22 	id_data.py 	<module>() 	ID Data Started
[2023-07-24 13:20:18,234] 	INFO 	77 	id_data.py 	<module>() 	ID Data Ended
[2023-07-24 14:11:24,239] 	INFO 	22 	id_data.py 	<module>() 	ID Data Started
[2023-07-24 14:13:39,078] 	INFO 	77 	id_data.py 	<module>() 	ID Data Ended
[2023-07-24 15:12:37,587] 	INFO 	22 	id_data.py 	<module>() 	ID Data Started
[2023-07-24 15:16:36,597] 	INFO 	77 	id_data.py 	<module>() 	ID Data Ended
[2023-07-24 16:15:15,513] 	INFO 	22 	id_data.py 	<module>() 	ID Data Started
[2023-07-24 16:16:40,806] 	INFO 	77 	id_data.py 	<module>() 	ID Data Ended
[2023-07-24 17:10:47,186] 	INFO 	22 	id_data.py 	<module>() 	ID Data Started
[2023-07-24 17:15:22,340] 	INFO 	77 	id_data.py 	<module>() 	ID Data Ended
[2023-07-24 18:16:17,990] 	INFO 	22 	id_data.py 	<module>() 	ID Data Started
[2023-07-24 18:19:45,053] 	INFO 	77 	id_data.py 	<module>() 	ID Data Ended
[2023-07-24 19:09:27,596] 	INFO 	22 	id_data.py 	<module>() 	ID Data Started
[2023-07-24 19:15:36,157] 	INFO 	77 	id_data.py 	<module>() 	ID Data Ended
[2023-07-24 20:11:39,193] 	INFO 	22 	id_data.py 	<module>() 	ID Data Started
[2023-07-24 20:16:15,106] 	INFO 	77 	id_data.py 	<module>() 	ID Data Ended
[2023-07-24 21:11:22,715] 	INFO 	22 	id_data.py 	<module>() 	ID Data Started
[2023-07-24 21:15:22,638] 	INFO 	77 	id_data.py 	<module>() 	ID Data Ended
[2023-07-24 22:11:16,745] 	INFO 	22 	id_data.py 	<module>() 	ID Data Started
[2023-07-24 22:15:54,808] 	INFO 	77 	id_data.py 	<module>() 	ID Data Ended
[2023-07-24 23:11:39,781] 	INFO 	22 	id_data.py 	<module>() 	ID Data Started
[2023-07-24 23:15:11,430] 	INFO 	77 	id_data.py 	<module>() 	ID Data Ended
[2023-07-25 01:10:34,494] 	INFO 	22 	id_data.py 	<module>() 	ID Data Started
[2023-07-25 01:14:24,141] 	INFO 	77 	id_data.py 	<module>() 	ID Data Ended
[2023-07-25 02:43:36,946] 	INFO 	22 	id_data.py 	<module>() 	ID Data Started
[2023-07-25 02:47:39,903] 	INFO 	77 	id_data.py 	<module>() 	ID Data Ended
[2023-07-25 03:12:30,212] 	INFO 	22 	id_data.py 	<module>() 	ID Data Started
[2023-07-25 03:16:32,630] 	INFO 	77 	id_data.py 	<module>() 	ID Data Ended
[2023-07-25 04:14:05,897] 	INFO 	22 	id_data.py 	<module>() 	ID Data Started
[2023-07-25 04:17:54,872] 	INFO 	77 	id_data.py 	<module>() 	ID Data Ended
[2023-07-25 05:11:26,630] 	INFO 	22 	id_data.py 	<module>() 	ID Data Started
[2023-07-25 05:16:04,289] 	INFO 	77 	id_data.py 	<module>() 	ID Data Ended
[2023-07-25 06:15:38,171] 	INFO 	22 	id_data.py 	<module>() 	ID Data Started
[2023-07-25 06:21:41,275] 	INFO 	77 	id_data.py 	<module>() 	ID Data Ended
[2023-07-25 07:11:17,181] 	INFO 	22 	id_data.py 	<module>() 	ID Data Started
[2023-07-25 07:15:52,425] 	INFO 	77 	id_data.py 	<module>() 	ID Data Ended
[2023-07-25 08:15:14,851] 	INFO 	22 	id_data.py 	<module>() 	ID Data Started
[2023-07-25 08:21:22,212] 	INFO 	77 	id_data.py 	<module>() 	ID Data Ended
[2023-07-25 09:12:10,967] 	INFO 	22 	id_data.py 	<module>() 	ID Data Started
[2023-07-25 09:16:02,374] 	INFO 	77 	id_data.py 	<module>() 	ID Data Ended
[2023-07-25 10:12:52,177] 	INFO 	22 	id_data.py 	<module>() 	ID Data Started
[2023-07-25 10:16:17,337] 	INFO 	77 	id_data.py 	<module>() 	ID Data Ended
[2023-07-25 11:10:04,209] 	INFO 	22 	id_data.py 	<module>() 	ID Data Started
[2023-07-25 11:10:57,977] 	INFO 	77 	id_data.py 	<module>() 	ID Data Ended
[2023-07-25 12:24:54,043] 	INFO 	22 	id_data.py 	<module>() 	ID Data Started
[2023-07-25 12:28:21,433] 	INFO 	77 	id_data.py 	<module>() 	ID Data Ended
[2023-07-25 13:18:06,692] 	INFO 	22 	id_data.py 	<module>() 	ID Data Started
[2023-07-25 13:22:30,520] 	INFO 	77 	id_data.py 	<module>() 	ID Data Ended
[2023-07-25 14:11:03,869] 	INFO 	22 	id_data.py 	<module>() 	ID Data Started
[2023-07-25 14:14:32,981] 	INFO 	77 	id_data.py 	<module>() 	ID Data Ended
[2023-07-25 15:12:20,637] 	INFO 	22 	id_data.py 	<module>() 	ID Data Started
[2023-07-25 15:16:40,664] 	INFO 	77 	id_data.py 	<module>() 	ID Data Ended
[2023-07-25 16:14:56,323] 	INFO 	22 	id_data.py 	<module>() 	ID Data Started
[2023-07-25 16:18:58,110] 	INFO 	77 	id_data.py 	<module>() 	ID Data Ended
[2023-07-25 17:10:29,760] 	INFO 	22 	id_data.py 	<module>() 	ID Data Started
[2023-07-25 17:14:32,172] 	INFO 	77 	id_data.py 	<module>() 	ID Data Ended
[2023-07-25 18:13:58,432] 	INFO 	22 	id_data.py 	<module>() 	ID Data Started
[2023-07-25 18:18:00,286] 	INFO 	77 	id_data.py 	<module>() 	ID Data Ended
[2023-07-25 19:07:55,988] 	INFO 	22 	id_data.py 	<module>() 	ID Data Started
[2023-07-25 19:11:26,951] 	INFO 	77 	id_data.py 	<module>() 	ID Data Ended
[2023-07-25 20:11:56,838] 	INFO 	22 	id_data.py 	<module>() 	ID Data Started
[2023-07-25 20:24:59,504] 	INFO 	77 	id_data.py 	<module>() 	ID Data Ended
[2023-07-25 21:09:51,676] 	INFO 	22 	id_data.py 	<module>() 	ID Data Started
[2023-07-25 21:20:17,782] 	INFO 	77 	id_data.py 	<module>() 	ID Data Ended
[2023-07-25 22:10:17,859] 	INFO 	22 	id_data.py 	<module>() 	ID Data Started
[2023-07-25 22:22:55,507] 	INFO 	77 	id_data.py 	<module>() 	ID Data Ended
[2023-07-25 23:09:39,156] 	INFO 	22 	id_data.py 	<module>() 	ID Data Started
[2023-07-25 23:13:12,784] 	INFO 	77 	id_data.py 	<module>() 	ID Data Ended
[2023-07-26 01:05:48,058] 	INFO 	22 	id_data.py 	<module>() 	ID Data Started
[2023-07-26 01:16:53,686] 	INFO 	77 	id_data.py 	<module>() 	ID Data Ended
[2023-07-26 02:33:55,286] 	INFO 	22 	id_data.py 	<module>() 	ID Data Started
[2023-07-26 02:38:34,257] 	INFO 	77 	id_data.py 	<module>() 	ID Data Ended
[2023-07-26 03:11:56,926] 	INFO 	22 	id_data.py 	<module>() 	ID Data Started
[2023-07-26 03:15:25,584] 	INFO 	77 	id_data.py 	<module>() 	ID Data Ended
[2023-07-26 04:13:09,594] 	INFO 	22 	id_data.py 	<module>() 	ID Data Started
[2023-07-26 04:16:37,302] 	INFO 	77 	id_data.py 	<module>() 	ID Data Ended
[2023-07-26 05:10:56,243] 	INFO 	22 	id_data.py 	<module>() 	ID Data Started
[2023-07-26 05:15:08,942] 	INFO 	77 	id_data.py 	<module>() 	ID Data Ended
[2023-07-26 06:14:29,106] 	INFO 	22 	id_data.py 	<module>() 	ID Data Started
[2023-07-26 06:18:03,234] 	INFO 	77 	id_data.py 	<module>() 	ID Data Ended
[2023-07-26 07:11:01,905] 	INFO 	22 	id_data.py 	<module>() 	ID Data Started
[2023-07-26 07:21:19,470] 	INFO 	77 	id_data.py 	<module>() 	ID Data Ended
[2023-07-26 08:14:56,601] 	INFO 	22 	id_data.py 	<module>() 	ID Data Started
[2023-07-26 08:19:39,369] 	INFO 	77 	id_data.py 	<module>() 	ID Data Ended
[2023-07-26 09:11:25,000] 	INFO 	22 	id_data.py 	<module>() 	ID Data Started
[2023-07-26 09:12:58,134] 	INFO 	77 	id_data.py 	<module>() 	ID Data Ended
[2023-07-26 10:12:03,450] 	INFO 	22 	id_data.py 	<module>() 	ID Data Started
[2023-07-26 10:19:15,454] 	INFO 	77 	id_data.py 	<module>() 	ID Data Ended
[2023-07-26 11:09:25,041] 	INFO 	22 	id_data.py 	<module>() 	ID Data Started
[2023-07-26 11:12:57,407] 	INFO 	77 	id_data.py 	<module>() 	ID Data Ended
[2023-07-26 12:22:56,596] 	INFO 	22 	id_data.py 	<module>() 	ID Data Started
[2023-07-26 12:24:21,420] 	INFO 	77 	id_data.py 	<module>() 	ID Data Ended
[2023-07-26 13:14:58,923] 	INFO 	22 	id_data.py 	<module>() 	ID Data Started
[2023-07-26 13:19:26,028] 	INFO 	77 	id_data.py 	<module>() 	ID Data Ended
[2023-07-26 14:10:34,924] 	INFO 	22 	id_data.py 	<module>() 	ID Data Started
[2023-07-26 14:17:42,894] 	INFO 	77 	id_data.py 	<module>() 	ID Data Ended
[2023-07-26 15:11:38,909] 	INFO 	22 	id_data.py 	<module>() 	ID Data Started
[2023-07-26 15:15:11,173] 	INFO 	77 	id_data.py 	<module>() 	ID Data Ended
[2023-07-26 16:14:45,852] 	INFO 	22 	id_data.py 	<module>() 	ID Data Started
[2023-07-26 16:18:50,139] 	INFO 	77 	id_data.py 	<module>() 	ID Data Ended
[2023-07-26 17:10:12,156] 	INFO 	22 	id_data.py 	<module>() 	ID Data Started
[2023-07-26 17:18:11,929] 	INFO 	77 	id_data.py 	<module>() 	ID Data Ended
[2023-07-26 18:14:15,859] 	INFO 	22 	id_data.py 	<module>() 	ID Data Started
[2023-07-26 18:21:50,529] 	INFO 	77 	id_data.py 	<module>() 	ID Data Ended
[2023-07-26 19:09:30,105] 	INFO 	22 	id_data.py 	<module>() 	ID Data Started
[2023-07-26 19:13:35,045] 	INFO 	77 	id_data.py 	<module>() 	ID Data Ended
[2023-07-26 20:11:29,834] 	INFO 	22 	id_data.py 	<module>() 	ID Data Started
[2023-07-26 20:15:34,973] 	INFO 	77 	id_data.py 	<module>() 	ID Data Ended
[2023-07-26 21:10:32,424] 	INFO 	22 	id_data.py 	<module>() 	ID Data Started
[2023-07-26 21:22:38,329] 	INFO 	77 	id_data.py 	<module>() 	ID Data Ended
[2023-07-26 22:10:40,573] 	INFO 	22 	id_data.py 	<module>() 	ID Data Started
[2023-07-26 22:12:13,072] 	INFO 	77 	id_data.py 	<module>() 	ID Data Ended
[2023-07-26 23:10:52,835] 	INFO 	22 	id_data.py 	<module>() 	ID Data Started
[2023-07-26 23:14:26,759] 	INFO 	77 	id_data.py 	<module>() 	ID Data Ended
[2023-07-27 00:59:19,015] 	INFO 	22 	id_data.py 	<module>() 	ID Data Started
[2023-07-27 01:03:25,722] 	INFO 	77 	id_data.py 	<module>() 	ID Data Ended
[2023-07-27 01:59:31,636] 	INFO 	22 	id_data.py 	<module>() 	ID Data Started
[2023-07-27 02:03:05,642] 	INFO 	77 	id_data.py 	<module>() 	ID Data Ended
[2023-07-27 02:28:43,674] 	INFO 	22 	id_data.py 	<module>() 	ID Data Started
[2023-07-27 02:32:47,737] 	INFO 	77 	id_data.py 	<module>() 	ID Data Ended
[2023-07-27 03:11:17,709] 	INFO 	22 	id_data.py 	<module>() 	ID Data Started
[2023-07-27 03:15:55,353] 	INFO 	77 	id_data.py 	<module>() 	ID Data Ended
[2023-07-27 04:13:07,087] 	INFO 	22 	id_data.py 	<module>() 	ID Data Started
[2023-07-27 04:20:53,237] 	INFO 	77 	id_data.py 	<module>() 	ID Data Ended
[2023-07-27 05:10:59,846] 	INFO 	22 	id_data.py 	<module>() 	ID Data Started
[2023-07-27 05:14:33,013] 	INFO 	77 	id_data.py 	<module>() 	ID Data Ended
[2023-07-27 06:14:57,973] 	INFO 	22 	id_data.py 	<module>() 	ID Data Started
[2023-07-27 06:18:49,428] 	INFO 	77 	id_data.py 	<module>() 	ID Data Ended
[2023-07-27 07:10:56,250] 	INFO 	22 	id_data.py 	<module>() 	ID Data Started
[2023-07-27 07:15:38,093] 	INFO 	77 	id_data.py 	<module>() 	ID Data Ended
[2023-07-27 08:14:33,941] 	INFO 	22 	id_data.py 	<module>() 	ID Data Started
[2023-07-27 08:24:09,422] 	INFO 	77 	id_data.py 	<module>() 	ID Data Ended
[2023-07-27 09:11:37,793] 	INFO 	22 	id_data.py 	<module>() 	ID Data Started
[2023-07-27 09:15:08,336] 	INFO 	77 	id_data.py 	<module>() 	ID Data Ended
[2023-07-27 10:11:49,516] 	INFO 	22 	id_data.py 	<module>() 	ID Data Started
[2023-07-27 10:15:52,321] 	INFO 	77 	id_data.py 	<module>() 	ID Data Ended
[2023-07-27 11:09:16,318] 	INFO 	22 	id_data.py 	<module>() 	ID Data Started
[2023-07-27 11:22:18,090] 	INFO 	77 	id_data.py 	<module>() 	ID Data Ended
[2023-07-27 12:23:09,862] 	INFO 	22 	id_data.py 	<module>() 	ID Data Started
[2023-07-27 12:35:31,151] 	INFO 	77 	id_data.py 	<module>() 	ID Data Ended
[2023-07-27 13:14:44,846] 	INFO 	22 	id_data.py 	<module>() 	ID Data Started
[2023-07-27 13:18:20,015] 	INFO 	77 	id_data.py 	<module>() 	ID Data Ended
[2023-07-27 14:10:41,083] 	INFO 	22 	id_data.py 	<module>() 	ID Data Started
[2023-07-27 14:14:37,860] 	INFO 	77 	id_data.py 	<module>() 	ID Data Ended
[2023-07-27 15:11:57,099] 	INFO 	22 	id_data.py 	<module>() 	ID Data Started
[2023-07-27 15:16:02,476] 	INFO 	77 	id_data.py 	<module>() 	ID Data Ended
[2023-07-27 16:14:51,729] 	INFO 	22 	id_data.py 	<module>() 	ID Data Started
[2023-07-27 16:18:25,559] 	INFO 	77 	id_data.py 	<module>() 	ID Data Ended
[2023-07-27 17:10:19,198] 	INFO 	22 	id_data.py 	<module>() 	ID Data Started
[2023-07-27 17:14:24,833] 	INFO 	77 	id_data.py 	<module>() 	ID Data Ended
[2023-07-27 18:13:35,740] 	INFO 	22 	id_data.py 	<module>() 	ID Data Started
[2023-07-27 18:17:09,081] 	INFO 	77 	id_data.py 	<module>() 	ID Data Ended
[2023-07-27 19:09:01,988] 	INFO 	22 	id_data.py 	<module>() 	ID Data Started
[2023-07-27 19:19:27,591] 	INFO 	77 	id_data.py 	<module>() 	ID Data Ended
[2023-07-27 20:11:47,586] 	INFO 	22 	id_data.py 	<module>() 	ID Data Started
[2023-07-27 20:21:53,464] 	INFO 	77 	id_data.py 	<module>() 	ID Data Ended
[2023-07-27 21:08:51,337] 	INFO 	22 	id_data.py 	<module>() 	ID Data Started
[2023-07-27 21:18:21,891] 	INFO 	77 	id_data.py 	<module>() 	ID Data Ended
[2023-07-27 22:10:27,129] 	INFO 	22 	id_data.py 	<module>() 	ID Data Started
[2023-07-27 22:14:50,364] 	INFO 	77 	id_data.py 	<module>() 	ID Data Ended
[2023-07-27 23:11:20,358] 	INFO 	22 	id_data.py 	<module>() 	ID Data Started
[2023-07-27 23:14:50,642] 	INFO 	77 	id_data.py 	<module>() 	ID Data Ended
[2023-07-28 00:59:42,111] 	INFO 	22 	id_data.py 	<module>() 	ID Data Started
[2023-07-28 01:04:09,574] 	INFO 	77 	id_data.py 	<module>() 	ID Data Ended
[2023-07-28 02:04:58,325] 	INFO 	22 	id_data.py 	<module>() 	ID Data Started
[2023-07-28 02:08:33,999] 	INFO 	77 	id_data.py 	<module>() 	ID Data Ended
[2023-07-28 03:11:38,571] 	INFO 	22 	id_data.py 	<module>() 	ID Data Started
[2023-07-28 03:15:14,059] 	INFO 	77 	id_data.py 	<module>() 	ID Data Ended
[2023-07-28 04:13:24,365] 	INFO 	22 	id_data.py 	<module>() 	ID Data Started
[2023-07-28 04:17:27,797] 	INFO 	77 	id_data.py 	<module>() 	ID Data Ended
[2023-07-28 05:10:48,314] 	INFO 	22 	id_data.py 	<module>() 	ID Data Started
[2023-07-28 05:14:22,917] 	INFO 	77 	id_data.py 	<module>() 	ID Data Ended
[2023-07-28 06:14:52,309] 	INFO 	22 	id_data.py 	<module>() 	ID Data Started
[2023-07-28 06:19:00,851] 	INFO 	77 	id_data.py 	<module>() 	ID Data Ended
[2023-07-28 07:10:45,612] 	INFO 	22 	id_data.py 	<module>() 	ID Data Started
[2023-07-28 07:14:15,802] 	INFO 	77 	id_data.py 	<module>() 	ID Data Ended
[2023-07-28 08:13:53,270] 	INFO 	22 	id_data.py 	<module>() 	ID Data Started
[2023-07-28 08:17:29,636] 	INFO 	77 	id_data.py 	<module>() 	ID Data Ended
[2023-07-28 09:11:05,000] 	INFO 	22 	id_data.py 	<module>() 	ID Data Started
[2023-07-28 09:14:40,755] 	INFO 	77 	id_data.py 	<module>() 	ID Data Ended
[2023-07-28 10:11:54,426] 	INFO 	22 	id_data.py 	<module>() 	ID Data Started
[2023-07-28 10:16:01,220] 	INFO 	77 	id_data.py 	<module>() 	ID Data Ended
[2023-07-28 11:09:33,350] 	INFO 	22 	id_data.py 	<module>() 	ID Data Started
[2023-07-28 11:13:07,435] 	INFO 	77 	id_data.py 	<module>() 	ID Data Ended
[2023-07-28 12:22:48,129] 	INFO 	22 	id_data.py 	<module>() 	ID Data Started
[2023-07-28 12:26:21,585] 	INFO 	77 	id_data.py 	<module>() 	ID Data Ended
[2023-07-28 13:14:50,663] 	INFO 	22 	id_data.py 	<module>() 	ID Data Started
[2023-07-28 13:21:18,147] 	INFO 	77 	id_data.py 	<module>() 	ID Data Ended
